TpTrace Verbose: 0 : 282203, 1, 2025/12/10, 09:25:40.086, 12056461432880, vstest.console.dll, Version: 18.0.1-release-25523-111 Current process architecture: X64
TpTrace Verbose: 0 : 282203, 1, 2025/12/10, 09:25:40.087, 12056462802137, vstest.console.dll, Runtime location: /usr/lib/dotnet/shared/Microsoft.NETCore.App/10.0.0
TpTrace Information: 0 : 282203, 1, 2025/12/10, 09:25:40.088, 12056464339548, vstest.console.dll, Using .Net Framework version:.NETCoreApp,Version=v10.0
TpTrace Verbose: 0 : 282203, 1, 2025/12/10, 09:25:40.088, 12056464384709, vstest.console.dll, ArtifactProcessingPostProcessModeProcessorExecutor.Initialize: ArtifactProcessingMode.Collect
TpTrace Verbose: 0 : 282203, 1, 2025/12/10, 09:25:40.089, 12056464407813, vstest.console.dll, TestSessionCorrelationIdProcessorModeProcessorExecutor.Initialize: TestSessionCorrelationId '282142_bc7b9546-18eb-4d49-b3a5-00881ee35c6e'
TpTrace Information: 0 : 282203, 1, 2025/12/10, 09:25:40.091, 12056466859773, vstest.console.dll, FilePatternParser: The given file /home/benjamin/AgentDevelopment/AAS-Sharp-Client/tests/AasSharpClient.Tests/bin/Debug/net10.0/AasSharpClient.Tests.dll is a full path.
TpTrace Verbose: 0 : 282203, 1, 2025/12/10, 09:25:40.093, 12056468673685, vstest.console.dll, TestPluginCache.DiscoverTestExtensions: finding test extensions in assemblies ends with: RuntimeProvider.dll TPluginInfo: Microsoft.VisualStudio.TestPlatform.Common.ExtensionFramework.Utilities.TestRuntimePluginInformation TExtension: Microsoft.VisualStudio.TestPlatform.ObjectModel.Host.ITestRuntimeProvider
TpTrace Verbose: 0 : 282203, 1, 2025/12/10, 09:25:40.093, 12056468802063, vstest.console.dll, TestPluginCache.GetExtensionPaths: Filtered extension paths: 
TpTrace Verbose: 0 : 282203, 1, 2025/12/10, 09:25:40.093, 12056468835760, vstest.console.dll, TestPluginCache.GetExtensionPaths: Added default extension paths: /usr/lib/dotnet/sdk/10.0.100/Extensions/Microsoft.VisualStudio.TestPlatform.Extensions.Html.TestLogger.dll
/usr/lib/dotnet/sdk/10.0.100/Extensions/Microsoft.TestPlatform.TestHostRuntimeProvider.dll
/usr/lib/dotnet/sdk/10.0.100/Extensions/Microsoft.VisualStudio.TestPlatform.Extensions.Trx.TestLogger.dll
/usr/lib/dotnet/sdk/10.0.100/Extensions/Microsoft.TestPlatform.Extensions.BlameDataCollector.dll
/usr/lib/dotnet/sdk/10.0.100/Extensions/Microsoft.Diagnostics.NETCore.Client.dll
TpTrace Verbose: 0 : 282203, 1, 2025/12/10, 09:25:40.093, 12056468844788, vstest.console.dll, TestPluginCache.GetExtensionPaths: Added unfilterableExtensionPaths: 
TpTrace Information: 0 : 282203, 1, 2025/12/10, 09:25:40.093, 12056469060611, vstest.console.dll, AssemblyResolver.ctor: Creating AssemblyResolver with searchDirectories /usr/lib/dotnet/sdk/10.0.100/Extensions,/usr/lib/dotnet/sdk/10.0.100
TpTrace Verbose: 0 : 282203, 1, 2025/12/10, 09:25:40.094, 12056469526005, vstest.console.dll, TestPluginCache.DiscoverTestExtensions: Discovering the extensions using extension path.
TpTrace Verbose: 0 : 282203, 1, 2025/12/10, 09:25:40.094, 12056469577780, vstest.console.dll, TestPluginCache.GetExtensionPaths: Filtered extension paths: 
TpTrace Verbose: 0 : 282203, 1, 2025/12/10, 09:25:40.094, 12056469588870, vstest.console.dll, TestPluginCache.GetExtensionPaths: Added default extension paths: /usr/lib/dotnet/sdk/10.0.100/Extensions/Microsoft.VisualStudio.TestPlatform.Extensions.Html.TestLogger.dll
/usr/lib/dotnet/sdk/10.0.100/Extensions/Microsoft.TestPlatform.TestHostRuntimeProvider.dll
/usr/lib/dotnet/sdk/10.0.100/Extensions/Microsoft.VisualStudio.TestPlatform.Extensions.Trx.TestLogger.dll
/usr/lib/dotnet/sdk/10.0.100/Extensions/Microsoft.TestPlatform.Extensions.BlameDataCollector.dll
/usr/lib/dotnet/sdk/10.0.100/Extensions/Microsoft.Diagnostics.NETCore.Client.dll
TpTrace Verbose: 0 : 282203, 1, 2025/12/10, 09:25:40.094, 12056469602107, vstest.console.dll, TestPluginCache.GetExtensionPaths: Added unfilterableExtensionPaths: 
TpTrace Verbose: 0 : 282203, 1, 2025/12/10, 09:25:40.094, 12056469617807, vstest.console.dll, TestPluginCache.DiscoverTestExtensions: Discovering the extensions using allExtensionPaths: /usr/lib/dotnet/sdk/10.0.100/Extensions/Microsoft.VisualStudio.TestPlatform.Extensions.Html.TestLogger.dll
/usr/lib/dotnet/sdk/10.0.100/Extensions/Microsoft.TestPlatform.TestHostRuntimeProvider.dll
/usr/lib/dotnet/sdk/10.0.100/Extensions/Microsoft.VisualStudio.TestPlatform.Extensions.Trx.TestLogger.dll
/usr/lib/dotnet/sdk/10.0.100/Extensions/Microsoft.TestPlatform.Extensions.BlameDataCollector.dll
/usr/lib/dotnet/sdk/10.0.100/Extensions/Microsoft.Diagnostics.NETCore.Client.dll
TpTrace Information: 0 : 282203, 1, 2025/12/10, 09:25:40.094, 12056469655661, vstest.console.dll, AssemblyResolver.AddSearchDirectories: Adding more searchDirectories /usr/lib/dotnet/sdk/10.0.100/Extensions,/usr/lib/dotnet/sdk/10.0.100
TpTrace Information: 0 : 282203, 1, 2025/12/10, 09:25:40.094, 12056469668661, vstest.console.dll, AssemblyResolver.AddSearchDirectories: Adding more searchDirectories /usr/lib/dotnet/sdk/10.0.100/Extensions,/usr/lib/dotnet/sdk/10.0.100
TpTrace Information: 0 : 282203, 1, 2025/12/10, 09:25:40.094, 12056469675370, vstest.console.dll, AssemblyResolver.AddSearchDirectories: Adding more searchDirectories /usr/lib/dotnet/sdk/10.0.100/Extensions,/usr/lib/dotnet/sdk/10.0.100
TpTrace Information: 0 : 282203, 1, 2025/12/10, 09:25:40.094, 12056469681569, vstest.console.dll, AssemblyResolver.AddSearchDirectories: Adding more searchDirectories /usr/lib/dotnet/sdk/10.0.100/Extensions,/usr/lib/dotnet/sdk/10.0.100
TpTrace Information: 0 : 282203, 1, 2025/12/10, 09:25:40.094, 12056469690205, vstest.console.dll, AssemblyResolver.AddSearchDirectories: Adding more searchDirectories /usr/lib/dotnet/sdk/10.0.100/Extensions,/usr/lib/dotnet/sdk/10.0.100
TpTrace Information: 0 : 282203, 1, 2025/12/10, 09:25:40.094, 12056469905334, vstest.console.dll, AssemblyResolver.OnResolve: Microsoft.VisualStudio.TestPlatform.Extensions.Html.TestLogger: Resolving assembly.
TpTrace Information: 0 : 282203, 1, 2025/12/10, 09:25:40.094, 12056469930314, vstest.console.dll, AssemblyResolver.OnResolve: Microsoft.VisualStudio.TestPlatform.Extensions.Html.TestLogger: Searching in: '/usr/lib/dotnet/sdk/10.0.100/Extensions'.
TpTrace Information: 0 : 282203, 1, 2025/12/10, 09:25:40.097, 12056473245266, vstest.console.dll, AssemblyResolver.OnResolve: Microsoft.VisualStudio.TestPlatform.Extensions.Html.TestLogger: Loading assembly '/usr/lib/dotnet/sdk/10.0.100/Extensions/Microsoft.VisualStudio.TestPlatform.Extensions.Html.TestLogger.dll'.
TpTrace Information: 0 : 282203, 1, 2025/12/10, 09:25:40.097, 12056473351843, vstest.console.dll, AssemblyResolver.OnResolve: Resolved assembly: Microsoft.VisualStudio.TestPlatform.Extensions.Html.TestLogger, from path: /usr/lib/dotnet/sdk/10.0.100/Extensions/Microsoft.VisualStudio.TestPlatform.Extensions.Html.TestLogger.dll
TpTrace Verbose: 0 : 282203, 1, 2025/12/10, 09:25:40.098, 12056473765173, vstest.console.dll, MetadataReaderExtensionsHelper: Discovering extensions inside assembly 'Microsoft.VisualStudio.TestPlatform.Extensions.Html.TestLogger, Version=15.0.0.0, Culture=neutral, PublicKeyToken=b03f5f7f11d50a3a' file path '/usr/lib/dotnet/sdk/10.0.100/Extensions/Microsoft.VisualStudio.TestPlatform.Extensions.Html.TestLogger.dll'
TpTrace Information: 0 : 282203, 1, 2025/12/10, 09:25:40.098, 12056474379353, vstest.console.dll, AssemblyResolver.OnResolve: Microsoft.TestPlatform.TestHostRuntimeProvider: Resolving assembly.
TpTrace Information: 0 : 282203, 1, 2025/12/10, 09:25:40.099, 12056474406171, vstest.console.dll, AssemblyResolver.OnResolve: Microsoft.TestPlatform.TestHostRuntimeProvider: Searching in: '/usr/lib/dotnet/sdk/10.0.100/Extensions'.
TpTrace Information: 0 : 282203, 1, 2025/12/10, 09:25:40.099, 12056474466630, vstest.console.dll, AssemblyResolver.OnResolve: Microsoft.TestPlatform.TestHostRuntimeProvider: Loading assembly '/usr/lib/dotnet/sdk/10.0.100/Extensions/Microsoft.TestPlatform.TestHostRuntimeProvider.dll'.
TpTrace Information: 0 : 282203, 1, 2025/12/10, 09:25:40.099, 12056474535162, vstest.console.dll, AssemblyResolver.OnResolve: Resolved assembly: Microsoft.TestPlatform.TestHostRuntimeProvider, from path: /usr/lib/dotnet/sdk/10.0.100/Extensions/Microsoft.TestPlatform.TestHostRuntimeProvider.dll
TpTrace Verbose: 0 : 282203, 1, 2025/12/10, 09:25:40.099, 12056474555115, vstest.console.dll, MetadataReaderExtensionsHelper: Discovering extensions inside assembly 'Microsoft.TestPlatform.TestHostRuntimeProvider, Version=15.0.0.0, Culture=neutral, PublicKeyToken=b03f5f7f11d50a3a' file path '/usr/lib/dotnet/sdk/10.0.100/Extensions/Microsoft.TestPlatform.TestHostRuntimeProvider.dll'
TpTrace Information: 0 : 282203, 1, 2025/12/10, 09:25:40.099, 12056475038645, vstest.console.dll, GetTestExtensionFromType: Register extension with identifier data 'HostProvider://DefaultTestHost' and type 'Microsoft.VisualStudio.TestPlatform.CrossPlatEngine.Hosting.DefaultTestHostManager, Microsoft.TestPlatform.TestHostRuntimeProvider, Version=15.0.0.0, Culture=neutral, PublicKeyToken=b03f5f7f11d50a3a' inside file '/usr/lib/dotnet/sdk/10.0.100/Extensions/Microsoft.TestPlatform.TestHostRuntimeProvider.dll'
TpTrace Information: 0 : 282203, 1, 2025/12/10, 09:25:40.099, 12056475194719, vstest.console.dll, GetTestExtensionFromType: Register extension with identifier data 'HostProvider://DotnetTestHost' and type 'Microsoft.VisualStudio.TestPlatform.CrossPlatEngine.Hosting.DotnetTestHostManager, Microsoft.TestPlatform.TestHostRuntimeProvider, Version=15.0.0.0, Culture=neutral, PublicKeyToken=b03f5f7f11d50a3a' inside file '/usr/lib/dotnet/sdk/10.0.100/Extensions/Microsoft.TestPlatform.TestHostRuntimeProvider.dll'
TpTrace Information: 0 : 282203, 1, 2025/12/10, 09:25:40.099, 12056475225565, vstest.console.dll, AssemblyResolver.OnResolve: Microsoft.VisualStudio.TestPlatform.Extensions.Trx.TestLogger: Resolving assembly.
TpTrace Information: 0 : 282203, 1, 2025/12/10, 09:25:40.099, 12056475235170, vstest.console.dll, AssemblyResolver.OnResolve: Microsoft.VisualStudio.TestPlatform.Extensions.Trx.TestLogger: Searching in: '/usr/lib/dotnet/sdk/10.0.100/Extensions'.
TpTrace Information: 0 : 282203, 1, 2025/12/10, 09:25:40.099, 12056475288788, vstest.console.dll, AssemblyResolver.OnResolve: Microsoft.VisualStudio.TestPlatform.Extensions.Trx.TestLogger: Loading assembly '/usr/lib/dotnet/sdk/10.0.100/Extensions/Microsoft.VisualStudio.TestPlatform.Extensions.Trx.TestLogger.dll'.
TpTrace Information: 0 : 282203, 1, 2025/12/10, 09:25:40.099, 12056475368975, vstest.console.dll, AssemblyResolver.OnResolve: Resolved assembly: Microsoft.VisualStudio.TestPlatform.Extensions.Trx.TestLogger, from path: /usr/lib/dotnet/sdk/10.0.100/Extensions/Microsoft.VisualStudio.TestPlatform.Extensions.Trx.TestLogger.dll
TpTrace Verbose: 0 : 282203, 1, 2025/12/10, 09:25:40.099, 12056475384324, vstest.console.dll, MetadataReaderExtensionsHelper: Discovering extensions inside assembly 'Microsoft.VisualStudio.TestPlatform.Extensions.Trx.TestLogger, Version=15.0.0.0, Culture=neutral, PublicKeyToken=b03f5f7f11d50a3a' file path '/usr/lib/dotnet/sdk/10.0.100/Extensions/Microsoft.VisualStudio.TestPlatform.Extensions.Trx.TestLogger.dll'
TpTrace Information: 0 : 282203, 1, 2025/12/10, 09:25:40.100, 12056475622486, vstest.console.dll, AssemblyResolver.OnResolve: Microsoft.TestPlatform.Extensions.BlameDataCollector: Resolving assembly.
TpTrace Information: 0 : 282203, 1, 2025/12/10, 09:25:40.100, 12056475647511, vstest.console.dll, AssemblyResolver.OnResolve: Microsoft.TestPlatform.Extensions.BlameDataCollector: Searching in: '/usr/lib/dotnet/sdk/10.0.100/Extensions'.
TpTrace Information: 0 : 282203, 1, 2025/12/10, 09:25:40.100, 12056475695433, vstest.console.dll, AssemblyResolver.OnResolve: Microsoft.TestPlatform.Extensions.BlameDataCollector: Loading assembly '/usr/lib/dotnet/sdk/10.0.100/Extensions/Microsoft.TestPlatform.Extensions.BlameDataCollector.dll'.
TpTrace Information: 0 : 282203, 1, 2025/12/10, 09:25:40.100, 12056475763784, vstest.console.dll, AssemblyResolver.OnResolve: Resolved assembly: Microsoft.TestPlatform.Extensions.BlameDataCollector, from path: /usr/lib/dotnet/sdk/10.0.100/Extensions/Microsoft.TestPlatform.Extensions.BlameDataCollector.dll
TpTrace Verbose: 0 : 282203, 1, 2025/12/10, 09:25:40.100, 12056475778189, vstest.console.dll, MetadataReaderExtensionsHelper: Discovering extensions inside assembly 'Microsoft.TestPlatform.Extensions.BlameDataCollector, Version=15.0.0.0, Culture=neutral, PublicKeyToken=b03f5f7f11d50a3a' file path '/usr/lib/dotnet/sdk/10.0.100/Extensions/Microsoft.TestPlatform.Extensions.BlameDataCollector.dll'
TpTrace Information: 0 : 282203, 1, 2025/12/10, 09:25:40.100, 12056476027228, vstest.console.dll, AssemblyResolver.OnResolve: Microsoft.Diagnostics.NETCore.Client: Resolving assembly.
TpTrace Information: 0 : 282203, 1, 2025/12/10, 09:25:40.100, 12056476049588, vstest.console.dll, AssemblyResolver.OnResolve: Microsoft.Diagnostics.NETCore.Client: Searching in: '/usr/lib/dotnet/sdk/10.0.100/Extensions'.
TpTrace Information: 0 : 282203, 1, 2025/12/10, 09:25:40.100, 12056476095351, vstest.console.dll, AssemblyResolver.OnResolve: Microsoft.Diagnostics.NETCore.Client: Loading assembly '/usr/lib/dotnet/sdk/10.0.100/Extensions/Microsoft.Diagnostics.NETCore.Client.dll'.
TpTrace Information: 0 : 282203, 1, 2025/12/10, 09:25:40.100, 12056476170341, vstest.console.dll, AssemblyResolver.OnResolve: Resolved assembly: Microsoft.Diagnostics.NETCore.Client, from path: /usr/lib/dotnet/sdk/10.0.100/Extensions/Microsoft.Diagnostics.NETCore.Client.dll
TpTrace Verbose: 0 : 282203, 1, 2025/12/10, 09:25:40.100, 12056476189645, vstest.console.dll, MetadataReaderExtensionsHelper: Discovering extensions inside assembly 'Microsoft.Diagnostics.NETCore.Client, Version=0.2.13.2411, Culture=neutral, PublicKeyToken=31bf3856ad364e35' file path '/usr/lib/dotnet/sdk/10.0.100/Extensions/Microsoft.Diagnostics.NETCore.Client.dll'
TpTrace Information: 0 : 282203, 1, 2025/12/10, 09:25:40.101, 12056476675943, vstest.console.dll, AssemblyResolver.OnResolve: Microsoft.Bcl.AsyncInterfaces: Resolving assembly.
TpTrace Information: 0 : 282203, 1, 2025/12/10, 09:25:40.101, 12056476697268, vstest.console.dll, AssemblyResolver.OnResolve: Microsoft.Bcl.AsyncInterfaces: Searching in: '/usr/lib/dotnet/sdk/10.0.100/Extensions'.
TpTrace Information: 0 : 282203, 1, 2025/12/10, 09:25:40.101, 12056476707048, vstest.console.dll, AssemblyResolver.OnResolve: Microsoft.Bcl.AsyncInterfaces: Assembly path does not exist: '/usr/lib/dotnet/sdk/10.0.100/Extensions/Microsoft.Bcl.AsyncInterfaces.dll', returning.
TpTrace Information: 0 : 282203, 1, 2025/12/10, 09:25:40.101, 12056476716495, vstest.console.dll, AssemblyResolver.OnResolve: Microsoft.Bcl.AsyncInterfaces: Assembly path does not exist: '/usr/lib/dotnet/sdk/10.0.100/Extensions/Microsoft.Bcl.AsyncInterfaces.exe', returning.
TpTrace Information: 0 : 282203, 1, 2025/12/10, 09:25:40.101, 12056476722733, vstest.console.dll, AssemblyResolver.OnResolve: Microsoft.Bcl.AsyncInterfaces: Searching in: '/usr/lib/dotnet/sdk/10.0.100'.
TpTrace Information: 0 : 282203, 1, 2025/12/10, 09:25:40.101, 12056476729103, vstest.console.dll, AssemblyResolver.OnResolve: Microsoft.Bcl.AsyncInterfaces: Assembly path does not exist: '/usr/lib/dotnet/sdk/10.0.100/Microsoft.Bcl.AsyncInterfaces.dll', returning.
TpTrace Information: 0 : 282203, 1, 2025/12/10, 09:25:40.101, 12056476735098, vstest.console.dll, AssemblyResolver.OnResolve: Microsoft.Bcl.AsyncInterfaces: Assembly path does not exist: '/usr/lib/dotnet/sdk/10.0.100/Microsoft.Bcl.AsyncInterfaces.exe', returning.
TpTrace Information: 0 : 282203, 1, 2025/12/10, 09:25:40.101, 12056476741552, vstest.console.dll, AssemblyResolver.OnResolve: Microsoft.Bcl.AsyncInterfaces: Failed to load assembly.
TpTrace Verbose: 0 : 282203, 1, 2025/12/10, 09:25:40.101, 12056476753896, vstest.console.dll, CurrentDomainAssemblyResolve: Resolving assembly 'Microsoft.Bcl.AsyncInterfaces'.
TpTrace Information: 0 : 282203, 1, 2025/12/10, 09:25:40.101, 12056476766703, vstest.console.dll, AssemblyResolver.OnResolve: Microsoft.Bcl.AsyncInterfaces: Resolving assembly.
TpTrace Information: 0 : 282203, 1, 2025/12/10, 09:25:40.101, 12056476775257, vstest.console.dll, AssemblyResolver.OnResolve: Microsoft.Bcl.AsyncInterfaces: Resolved from cache.
TpTrace Verbose: 0 : 282203, 1, 2025/12/10, 09:25:40.101, 12056476780805, vstest.console.dll, CurrentDomainAssemblyResolve: Resolving assembly 'Microsoft.Bcl.AsyncInterfaces'.
TpTrace Verbose: 0 : 282203, 1, 2025/12/10, 09:25:40.101, 12056476791200, vstest.console.dll, CurrentDomainAssemblyResolve: Failed to resolve assembly 'Microsoft.Bcl.AsyncInterfaces'.
TpTrace Verbose: 0 : 282203, 1, 2025/12/10, 09:25:40.101, 12056476909308, vstest.console.dll, CurrentDomainAssemblyResolve: Failed to resolve assembly 'Microsoft.Bcl.AsyncInterfaces'.
TpTrace Information: 0 : 282203, 1, 2025/12/10, 09:25:40.102, 12056477549776, vstest.console.dll, AssemblyResolver.OnResolve: Microsoft.Bcl.AsyncInterfaces: Resolving assembly.
TpTrace Information: 0 : 282203, 1, 2025/12/10, 09:25:40.102, 12056477570450, vstest.console.dll, AssemblyResolver.OnResolve: Microsoft.Bcl.AsyncInterfaces: Resolved from cache.
TpTrace Verbose: 0 : 282203, 1, 2025/12/10, 09:25:40.102, 12056477578073, vstest.console.dll, CurrentDomainAssemblyResolve: Resolving assembly 'Microsoft.Bcl.AsyncInterfaces'.
TpTrace Verbose: 0 : 282203, 1, 2025/12/10, 09:25:40.102, 12056477594534, vstest.console.dll, CurrentDomainAssemblyResolve: Failed to resolve assembly 'Microsoft.Bcl.AsyncInterfaces'.
TpTrace Information: 0 : 282203, 1, 2025/12/10, 09:25:40.102, 12056477864507, vstest.console.dll, AssemblyResolver.OnResolve: Microsoft.Bcl.AsyncInterfaces: Resolving assembly.
TpTrace Information: 0 : 282203, 1, 2025/12/10, 09:25:40.102, 12056477876754, vstest.console.dll, AssemblyResolver.OnResolve: Microsoft.Bcl.AsyncInterfaces: Resolved from cache.
TpTrace Verbose: 0 : 282203, 1, 2025/12/10, 09:25:40.102, 12056477883529, vstest.console.dll, CurrentDomainAssemblyResolve: Resolving assembly 'Microsoft.Bcl.AsyncInterfaces'.
TpTrace Verbose: 0 : 282203, 1, 2025/12/10, 09:25:40.102, 12056477889340, vstest.console.dll, CurrentDomainAssemblyResolve: Failed to resolve assembly 'Microsoft.Bcl.AsyncInterfaces'.
TpTrace Warning: 0 : 282203, 1, 2025/12/10, 09:25:40.107, 12056483024471, vstest.console.dll, TestPluginDiscoverer: Failed to get types from assembly 'Microsoft.Diagnostics.NETCore.Client, Version=0.2.13.2411, Culture=neutral, PublicKeyToken=31bf3856ad364e35'. Error: System.Reflection.ReflectionTypeLoadException: Unable to load one or more of the requested types.
Could not load file or assembly 'Microsoft.Bcl.AsyncInterfaces, Version=9.0.0.8, Culture=neutral, PublicKeyToken=cc7b13ffcd2ddd51'. The system cannot find the file specified.

Could not load file or assembly 'Microsoft.Bcl.AsyncInterfaces, Version=9.0.0.8, Culture=neutral, PublicKeyToken=cc7b13ffcd2ddd51'. The system cannot find the file specified.

Could not load file or assembly 'Microsoft.Bcl.AsyncInterfaces, Version=9.0.0.8, Culture=neutral, PublicKeyToken=cc7b13ffcd2ddd51'. The system cannot find the file specified.

   at System.Reflection.RuntimeModule.GetDefinedTypes()
   at System.Reflection.RuntimeModule.GetTypes()
   at Microsoft.VisualStudio.TestPlatform.Common.ExtensionFramework.TestPluginDiscoverer.GetTestExtensionsFromAssembly[TPluginInfo,TExtension](Assembly assembly, Dictionary`2 pluginInfos, String filePath) in /_/src/vstest/src/Microsoft.TestPlatform.Common/ExtensionFramework/TestPluginDiscoverer.cs:line 159
System.IO.FileNotFoundException: Could not load file or assembly 'Microsoft.Bcl.AsyncInterfaces, Version=9.0.0.8, Culture=neutral, PublicKeyToken=cc7b13ffcd2ddd51'. The system cannot find the file specified.

File name: 'Microsoft.Bcl.AsyncInterfaces, Version=9.0.0.8, Culture=neutral, PublicKeyToken=cc7b13ffcd2ddd51'
 ---> System.IO.FileNotFoundException: Could not load file or assembly 'Microsoft.Bcl.AsyncInterfaces, Culture=neutral, PublicKeyToken=null'. The system cannot find the file specified.

File name: 'Microsoft.Bcl.AsyncInterfaces, Culture=neutral, PublicKeyToken=null'
   at System.Reflection.RuntimeAssembly.InternalLoad(AssemblyName assemblyName, StackCrawlMark& stackMark, AssemblyLoadContext assemblyLoadContext, RuntimeAssembly requestingAssembly, Boolean throwOnFileNotFound)
   at System.Reflection.Assembly.Load(AssemblyName assemblyRef)
   at Microsoft.VisualStudio.TestPlatform.Common.ExtensionFramework.TestPluginCache.CurrentDomainAssemblyResolve(Object sender, AssemblyResolveEventArgs args) in /_/src/vstest/src/Microsoft.TestPlatform.Common/ExtensionFramework/TestPluginCache.cs:line 514
   at System.Runtime.Loader.AssemblyLoadContext.GetFirstResolvedAssemblyFromResolvingEvent(AssemblyName assemblyName)
   at System.Runtime.Loader.AssemblyLoadContext.ResolveUsingEvent(AssemblyName assemblyName)
System.IO.FileNotFoundException: Could not load file or assembly 'Microsoft.Bcl.AsyncInterfaces, Version=9.0.0.8, Culture=neutral, PublicKeyToken=cc7b13ffcd2ddd51'. The system cannot find the file specified.

File name: 'Microsoft.Bcl.AsyncInterfaces, Version=9.0.0.8, Culture=neutral, PublicKeyToken=cc7b13ffcd2ddd51'
System.IO.FileNotFoundException: Could not load file or assembly 'Microsoft.Bcl.AsyncInterfaces, Version=9.0.0.8, Culture=neutral, PublicKeyToken=cc7b13ffcd2ddd51'. The system cannot find the file specified.

File name: 'Microsoft.Bcl.AsyncInterfaces, Version=9.0.0.8, Culture=neutral, PublicKeyToken=cc7b13ffcd2ddd51'
TpTrace Warning: 0 : 282203, 1, 2025/12/10, 09:25:40.107, 12056483144849, vstest.console.dll, LoaderExceptions: System.IO.FileNotFoundException: Could not load file or assembly 'Microsoft.Bcl.AsyncInterfaces, Version=9.0.0.8, Culture=neutral, PublicKeyToken=cc7b13ffcd2ddd51'. The system cannot find the file specified.

File name: 'Microsoft.Bcl.AsyncInterfaces, Version=9.0.0.8, Culture=neutral, PublicKeyToken=cc7b13ffcd2ddd51'
 ---> System.IO.FileNotFoundException: Could not load file or assembly 'Microsoft.Bcl.AsyncInterfaces, Culture=neutral, PublicKeyToken=null'. The system cannot find the file specified.

File name: 'Microsoft.Bcl.AsyncInterfaces, Culture=neutral, PublicKeyToken=null'
   at System.Reflection.RuntimeAssembly.InternalLoad(AssemblyName assemblyName, StackCrawlMark& stackMark, AssemblyLoadContext assemblyLoadContext, RuntimeAssembly requestingAssembly, Boolean throwOnFileNotFound)
   at System.Reflection.Assembly.Load(AssemblyName assemblyRef)
   at Microsoft.VisualStudio.TestPlatform.Common.ExtensionFramework.TestPluginCache.CurrentDomainAssemblyResolve(Object sender, AssemblyResolveEventArgs args) in /_/src/vstest/src/Microsoft.TestPlatform.Common/ExtensionFramework/TestPluginCache.cs:line 514
   at System.Runtime.Loader.AssemblyLoadContext.GetFirstResolvedAssemblyFromResolvingEvent(AssemblyName assemblyName)
   at System.Runtime.Loader.AssemblyLoadContext.ResolveUsingEvent(AssemblyName assemblyName)
TpTrace Warning: 0 : 282203, 1, 2025/12/10, 09:25:40.107, 12056483162353, vstest.console.dll, LoaderExceptions: System.IO.FileNotFoundException: Could not load file or assembly 'Microsoft.Bcl.AsyncInterfaces, Version=9.0.0.8, Culture=neutral, PublicKeyToken=cc7b13ffcd2ddd51'. The system cannot find the file specified.

File name: 'Microsoft.Bcl.AsyncInterfaces, Version=9.0.0.8, Culture=neutral, PublicKeyToken=cc7b13ffcd2ddd51'
TpTrace Warning: 0 : 282203, 1, 2025/12/10, 09:25:40.107, 12056483171992, vstest.console.dll, LoaderExceptions: System.IO.FileNotFoundException: Could not load file or assembly 'Microsoft.Bcl.AsyncInterfaces, Version=9.0.0.8, Culture=neutral, PublicKeyToken=cc7b13ffcd2ddd51'. The system cannot find the file specified.

File name: 'Microsoft.Bcl.AsyncInterfaces, Version=9.0.0.8, Culture=neutral, PublicKeyToken=cc7b13ffcd2ddd51'
TpTrace Verbose: 0 : 282203, 1, 2025/12/10, 09:25:40.107, 12056483251287, vstest.console.dll, TestPluginCache: Discovered the extensions using extension path ''.
TpTrace Verbose: 0 : 282203, 1, 2025/12/10, 09:25:40.107, 12056483263978, vstest.console.dll, TestPluginCache: Discoverers are ''.
TpTrace Verbose: 0 : 282203, 1, 2025/12/10, 09:25:40.107, 12056483270474, vstest.console.dll, TestPluginCache: Executors are ''.
TpTrace Verbose: 0 : 282203, 1, 2025/12/10, 09:25:40.107, 12056483278202, vstest.console.dll, TestPluginCache: Executors2 are ''.
TpTrace Verbose: 0 : 282203, 1, 2025/12/10, 09:25:40.107, 12056483283834, vstest.console.dll, TestPluginCache: Setting providers are ''.
TpTrace Verbose: 0 : 282203, 1, 2025/12/10, 09:25:40.107, 12056483291397, vstest.console.dll, TestPluginCache: Loggers are ''.
TpTrace Verbose: 0 : 282203, 1, 2025/12/10, 09:25:40.107, 12056483351833, vstest.console.dll, TestPluginCache: TestHosts are 'HostProvider://DefaultTestHost,HostProvider://DotnetTestHost'.
TpTrace Verbose: 0 : 282203, 1, 2025/12/10, 09:25:40.107, 12056483360268, vstest.console.dll, TestPluginCache: DataCollectors are ''.
TpTrace Information: 0 : 282203, 1, 2025/12/10, 09:25:40.115, 12056490853141, vstest.console.dll, RunTestsArgumentProcessor:Execute: Test run is starting.
TpTrace Verbose: 0 : 282203, 1, 2025/12/10, 09:25:40.115, 12056490885025, vstest.console.dll, RunTestsArgumentProcessor:Execute: Queuing Test run.
TpTrace Information: 0 : 282203, 1, 2025/12/10, 09:25:40.115, 12056490975928, vstest.console.dll, TestRequestManager.RunTests: run tests started.
TpTrace Information: 0 : 282203, 1, 2025/12/10, 09:25:40.116, 12056491443701, vstest.console.dll, AssemblyMetadataProvider.GetFrameworkName: Determined framework:'.NETCoreApp,Version=v10.0' for source: '/home/benjamin/AgentDevelopment/AAS-Sharp-Client/tests/AasSharpClient.Tests/bin/Debug/net10.0/AasSharpClient.Tests.dll'
TpTrace Information: 0 : 282203, 1, 2025/12/10, 09:25:40.116, 12056491500435, vstest.console.dll, Determined framework for all sources: .NETCoreApp,Version=v10.0
TpTrace Verbose: 0 : 282203, 1, 2025/12/10, 09:25:40.117, 12056492712946, vstest.console.dll, TestRequestManager.UpdateRunSettingsIfRequired: Default architecture: X64 IsDefaultTargetArchitecture: True, Current process architecture: X64 OperatingSystem: Unix.
TpTrace Information: 0 : 282203, 1, 2025/12/10, 09:25:40.118, 12056493438523, vstest.console.dll, AssemblyMetadataProvider.GetArchitecture: Determined architecture:AnyCPU info for assembly: /home/benjamin/AgentDevelopment/AAS-Sharp-Client/tests/AasSharpClient.Tests/bin/Debug/net10.0/AasSharpClient.Tests.dll
TpTrace Information: 0 : 282203, 1, 2025/12/10, 09:25:40.118, 12056493464332, vstest.console.dll, Determined platform for source '/home/benjamin/AgentDevelopment/AAS-Sharp-Client/tests/AasSharpClient.Tests/bin/Debug/net10.0/AasSharpClient.Tests.dll' was AnyCPU and it will use the default plaform X64.
TpTrace Information: 0 : 282203, 1, 2025/12/10, 09:25:40.118, 12056493471961, vstest.console.dll, None of the sources provided any runnable platform, using the default platform: X64
TpTrace Information: 0 : 282203, 1, 2025/12/10, 09:25:40.118, 12056493519334, vstest.console.dll, Platform was updated to 'X64'.
TpTrace Information: 0 : 282203, 1, 2025/12/10, 09:25:40.119, 12056494438534, vstest.console.dll, Compatible sources list: 
TpTrace Information: 0 : 282203, 1, 2025/12/10, 09:25:40.119, 12056494474411, vstest.console.dll, /home/benjamin/AgentDevelopment/AAS-Sharp-Client/tests/AasSharpClient.Tests/bin/Debug/net10.0/AasSharpClient.Tests.dll
TpTrace Information: 0 : 282203, 1, 2025/12/10, 09:25:40.120, 12056495579757, vstest.console.dll, InferRunSettingsHelper.IsTestSettingsEnabled: Unable to navigate to RunSettings/MSTest. Current node: RunSettings
TpTrace Information: 0 : 282203, 1, 2025/12/10, 09:25:40.120, 12056495849031, vstest.console.dll, AssemblyResolver.OnResolve: Microsoft.VisualStudio.TestPlatform.Fakes: Resolving assembly.
TpTrace Information: 0 : 282203, 1, 2025/12/10, 09:25:40.120, 12056495872587, vstest.console.dll, AssemblyResolver.OnResolve: Microsoft.VisualStudio.TestPlatform.Fakes: Searching in: '/usr/lib/dotnet/sdk/10.0.100/Extensions'.
TpTrace Information: 0 : 282203, 1, 2025/12/10, 09:25:40.120, 12056495884108, vstest.console.dll, AssemblyResolver.OnResolve: Microsoft.VisualStudio.TestPlatform.Fakes: Assembly path does not exist: '/usr/lib/dotnet/sdk/10.0.100/Extensions/Microsoft.VisualStudio.TestPlatform.Fakes.dll', returning.
TpTrace Information: 0 : 282203, 1, 2025/12/10, 09:25:40.120, 12056495895854, vstest.console.dll, AssemblyResolver.OnResolve: Microsoft.VisualStudio.TestPlatform.Fakes: Assembly path does not exist: '/usr/lib/dotnet/sdk/10.0.100/Extensions/Microsoft.VisualStudio.TestPlatform.Fakes.exe', returning.
TpTrace Information: 0 : 282203, 1, 2025/12/10, 09:25:40.120, 12056495903805, vstest.console.dll, AssemblyResolver.OnResolve: Microsoft.VisualStudio.TestPlatform.Fakes: Searching in: '/usr/lib/dotnet/sdk/10.0.100'.
TpTrace Information: 0 : 282203, 1, 2025/12/10, 09:25:40.120, 12056495909957, vstest.console.dll, AssemblyResolver.OnResolve: Microsoft.VisualStudio.TestPlatform.Fakes: Assembly path does not exist: '/usr/lib/dotnet/sdk/10.0.100/Microsoft.VisualStudio.TestPlatform.Fakes.dll', returning.
TpTrace Information: 0 : 282203, 1, 2025/12/10, 09:25:40.120, 12056495916401, vstest.console.dll, AssemblyResolver.OnResolve: Microsoft.VisualStudio.TestPlatform.Fakes: Assembly path does not exist: '/usr/lib/dotnet/sdk/10.0.100/Microsoft.VisualStudio.TestPlatform.Fakes.exe', returning.
TpTrace Information: 0 : 282203, 1, 2025/12/10, 09:25:40.120, 12056495923486, vstest.console.dll, AssemblyResolver.OnResolve: Microsoft.VisualStudio.TestPlatform.Fakes: Failed to load assembly.
TpTrace Information: 0 : 282203, 1, 2025/12/10, 09:25:40.120, 12056496023823, vstest.console.dll, Failed to load assembly Microsoft.VisualStudio.TestPlatform.Fakes, Version=18.0.0.0, Culture=neutral. Reason:System.IO.FileNotFoundException: Could not load file or assembly 'Microsoft.VisualStudio.TestPlatform.Fakes, Version=18.0.0.0, Culture=neutral, PublicKeyToken=null'. The system cannot find the file specified.

File name: 'Microsoft.VisualStudio.TestPlatform.Fakes, Version=18.0.0.0, Culture=neutral, PublicKeyToken=null'
   at System.Reflection.RuntimeAssembly.InternalLoad(AssemblyName assemblyName, StackCrawlMark& stackMark, AssemblyLoadContext assemblyLoadContext, RuntimeAssembly requestingAssembly, Boolean throwOnFileNotFound)
   at System.Reflection.Assembly.Load(AssemblyName assemblyRef)
   at Microsoft.VisualStudio.TestPlatform.Common.Utilities.FakesUtilities.LoadTestPlatformAssembly() in /_/src/vstest/src/Microsoft.TestPlatform.Common/Utilities/FakesUtilities.cs:line 200
TpTrace Verbose: 0 : 282203, 1, 2025/12/10, 09:25:40.122, 12056498140766, vstest.console.dll, TestEngine: Initializing Parallel Execution as MaxCpuCount is set to: 1
TpTrace Information: 0 : 282203, 1, 2025/12/10, 09:25:40.123, 12056498607772, vstest.console.dll, TestPluginManager.CreateTestExtension: Attempting to load test extension: Microsoft.VisualStudio.TestPlatform.CrossPlatEngine.Hosting.DefaultTestHostManager
TpTrace Information: 0 : 282203, 1, 2025/12/10, 09:25:40.123, 12056498722277, vstest.console.dll, TestPluginManager.CreateTestExtension: Attempting to load test extension: Microsoft.VisualStudio.TestPlatform.CrossPlatEngine.Hosting.DotnetTestHostManager
TpTrace Verbose: 0 : 282203, 1, 2025/12/10, 09:25:40.123, 12056498790974, vstest.console.dll, TestHostManagerCallbacks.ctor: Forwarding output is enabled.
TpTrace Information: 0 : 282203, 1, 2025/12/10, 09:25:40.123, 12056498931758, vstest.console.dll, InferRunSettingsHelper.IsTestSettingsEnabled: Unable to navigate to RunSettings/MSTest. Current node: RunSettings
TpTrace Verbose: 0 : 282203, 1, 2025/12/10, 09:25:40.124, 12056499627413, vstest.console.dll, ParallelOperationManager.ClearSlots: Clearing all slots. Slots should accept more work: True
TpTrace Verbose: 0 : 282203, 1, 2025/12/10, 09:25:40.125, 12056500724506, vstest.console.dll, ParallelOperationManager.SetOccupiedSlotCount: Setting slot counts AvailableSlotCount = 1, OccupiedSlotCount = 0.
TpTrace Verbose: 0 : 282203, 1, 2025/12/10, 09:25:40.125, 12056500904667, vstest.console.dll, Occupied slots:

TpTrace Verbose: 0 : 282203, 1, 2025/12/10, 09:25:40.127, 12056502738253, vstest.console.dll, TestEngine.GetExecutionManager: Chosen execution manager 'Microsoft.VisualStudio.TestPlatform.CrossPlatEngine.Client.Parallel.ParallelProxyExecutionManager, Microsoft.TestPlatform.CrossPlatEngine, Version=15.0.0.0, Culture=neutral, PublicKeyToken=b03f5f7f11d50a3a' ParallelLevel '1'.
TpTrace Verbose: 0 : 282203, 1, 2025/12/10, 09:25:40.127, 12056502812414, vstest.console.dll, TestPlatform.GetSkipDefaultAdapters: Not skipping default adapters SkipDefaultAdapters was false.
TpTrace Verbose: 0 : 282203, 1, 2025/12/10, 09:25:40.127, 12056502852086, vstest.console.dll, TestRunRequest.ExecuteAsync: Creating test run request.
TpTrace Verbose: 0 : 282203, 1, 2025/12/10, 09:25:40.127, 12056503151853, vstest.console.dll, TestRunRequest.ExecuteAsync: Starting.
TpTrace Information: 0 : 282203, 1, 2025/12/10, 09:25:40.128, 12056503545135, vstest.console.dll, TestRunRequest.ExecuteAsync: Starting run with settings:TestRunCriteria:
   KeepAlive=False,FrequencyOfRunStatsChangeEvent=10,RunStatsChangeEventTimeout=00:00:01.5000000,TestCaseFilter=RemoteShellIntegrationTests,TestExecutorLauncher=
   Settingsxml=<RunSettings>
  <RunConfiguration>
    <ResultsDirectory>/home/benjamin/AgentDevelopment/AAS-Sharp-Client/tests/AasSharpClient.Tests/TestResults</ResultsDirectory>
    <TargetPlatform>X64</TargetPlatform>
    <TargetFrameworkVersion>.NETCoreApp,Version=v10.0</TargetFrameworkVersion>
    <DesignMode>False</DesignMode>
    <CollectSourceInformation>False</CollectSourceInformation>
  </RunConfiguration>
  <LoggerRunSettings>
    <Loggers>
      <Logger friendlyName="Microsoft.TestPlatform.MSBuildLogger" assemblyQualifiedName="Microsoft.VisualStudio.TestPlatform.CommandLine.Internal.MSBuildLogger, vstest.console, Version=15.0.0.0, Culture=neutral, PublicKeyToken=b03f5f7f11d50a3a" codeBase="/usr/lib/dotnet/sdk/10.0.100/vstest.console.dll" enabled="True">
        <Configuration>
          <Verbosity>minimal</Verbosity>
        </Configuration>
      </Logger>
    </Loggers>
  </LoggerRunSettings>
</RunSettings>

TpTrace Verbose: 0 : 282203, 1, 2025/12/10, 09:25:40.128, 12056503568362, vstest.console.dll, TestRunRequest.ExecuteAsync: Wait for the first run request is over.
TpTrace Verbose: 0 : 282203, 1, 2025/12/10, 09:25:40.128, 12056503662052, vstest.console.dll, MulticastDelegateUtilities.SafeInvoke: TestRun.TestRunStart: Invoking callbacks was skipped because there are no subscribers.
TpTrace Verbose: 0 : 282203, 1, 2025/12/10, 09:25:40.128, 12056504177470, vstest.console.dll, ParallelProxyExecutionManager: Start execution. Total sources: 1
TpTrace Verbose: 0 : 282203, 1, 2025/12/10, 09:25:40.128, 12056504307616, vstest.console.dll, ParallelOperationManager.StartWork: Starting adding 1 workloads.
TpTrace Verbose: 0 : 282203, 1, 2025/12/10, 09:25:40.128, 12056504332426, vstest.console.dll, ParallelOperationManager.ClearSlots: Clearing all slots. Slots should accept more work: True
TpTrace Verbose: 0 : 282203, 1, 2025/12/10, 09:25:40.128, 12056504353558, vstest.console.dll, ParallelOperationManager.SetOccupiedSlotCount: Setting slot counts AvailableSlotCount = 1, OccupiedSlotCount = 0.
TpTrace Verbose: 0 : 282203, 1, 2025/12/10, 09:25:40.128, 12056504364611, vstest.console.dll, Occupied slots:

TpTrace Verbose: 0 : 282203, 1, 2025/12/10, 09:25:40.129, 12056504883302, vstest.console.dll, TestHostManagerCallbacks.ctor: Forwarding output is enabled.
TpTrace Verbose: 0 : 282203, 1, 2025/12/10, 09:25:40.129, 12056504966104, vstest.console.dll, TestRequestSender is acting as server.
TpTrace Verbose: 0 : 282203, 1, 2025/12/10, 09:25:40.129, 12056505066040, vstest.console.dll, ParallelOperationManager.RunWorkInParallel: Adding 1 workload to slot, remaining workloads 0.
TpTrace Verbose: 0 : 282203, 1, 2025/12/10, 09:25:40.129, 12056505080965, vstest.console.dll, ParallelOperationManager.SetOccupiedSlotCount: Setting slot counts AvailableSlotCount = 0, OccupiedSlotCount = 1.
TpTrace Verbose: 0 : 282203, 1, 2025/12/10, 09:25:40.129, 12056505114797, vstest.console.dll, Occupied slots:
0: /home/benjamin/AgentDevelopment/AAS-Sharp-Client/tests/AasSharpClient.Tests/bin/Debug/net10.0/AasSharpClient.Tests.dll
TpTrace Verbose: 0 : 282203, 1, 2025/12/10, 09:25:40.130, 12056505722873, vstest.console.dll, ParallelOperationManager.RunWorkInParallel: Started host in slot number 0 for work (source): /home/benjamin/AgentDevelopment/AAS-Sharp-Client/tests/AasSharpClient.Tests/bin/Debug/net10.0/AasSharpClient.Tests.dll.
TpTrace Verbose: 0 : 282203, 5, 2025/12/10, 09:25:40.130, 12056506272970, vstest.console.dll, ParallelProxyExecutionManager.StartTestRunOnConcurrentManager: Initializing uninitialized client. Started clients: 0
TpTrace Verbose: 0 : 282203, 1, 2025/12/10, 09:25:40.130, 12056506275952, vstest.console.dll, ParallelOperationManager.RunWorkInParallel: We started 1 work items, which is the max parallel level. Won't start more work.
TpTrace Verbose: 0 : 282203, 1, 2025/12/10, 09:25:40.130, 12056506314370, vstest.console.dll, ParallelOperationManager.RunWorkInParallel: We started 1 work items in here, returning True.
TpTrace Verbose: 0 : 282203, 5, 2025/12/10, 09:25:40.130, 12056506320430, vstest.console.dll, ParallelProxyExecutionManager.StartTestRunOnConcurrentManager: Initializing test run. Started clients: 0
TpTrace Information: 0 : 282203, 1, 2025/12/10, 09:25:40.130, 12056506325670, vstest.console.dll, TestRunRequest.ExecuteAsync: Started.
TpTrace Verbose: 0 : 282203, 5, 2025/12/10, 09:25:40.130, 12056506358860, vstest.console.dll, ProxyExecutionManager: Test host is always Lazy initialize.
TpTrace Verbose: 0 : 282203, 5, 2025/12/10, 09:25:40.131, 12056506445140, vstest.console.dll, TestRequestSender.InitializeCommunication: initialize communication. 
TpTrace Verbose: 0 : 282203, 1, 2025/12/10, 09:25:40.131, 12056506669098, vstest.console.dll, TestRunRequest.WaitForCompletion: Waiting with timeout -1.
TpTrace Information: 0 : 282203, 5, 2025/12/10, 09:25:40.137, 12056513021332, vstest.console.dll, SocketServer.Start: Listening on endpoint : 127.0.0.1:46087
TpTrace Verbose: 0 : 282203, 5, 2025/12/10, 09:25:40.139, 12056515129459, vstest.console.dll, DotnetTestHostmanager.GetTestHostProcessStartInfo: Platform environment 'X64' target architecture 'X64' framework '.NETCoreApp,Version=v10.0' OS 'Unix'
TpTrace Verbose: 0 : 282203, 5, 2025/12/10, 09:25:40.139, 12056515170143, vstest.console.dll, DotnetTestHostmanager.LaunchTestHostAsync: VSTEST_DOTNET_ROOT_PATH=/usr/lib/dotnet
TpTrace Verbose: 0 : 282203, 5, 2025/12/10, 09:25:40.139, 12056515178351, vstest.console.dll, DotnetTestHostmanager.LaunchTestHostAsync: VSTEST_DOTNET_ROOT_ARCHITECTURE=X64
TpTrace Verbose: 0 : 282203, 5, 2025/12/10, 09:25:40.139, 12056515200720, vstest.console.dll, DotnetTestHostManager.SetDotnetRootForArchitecture: Adding DOTNET_ROOT_X64=/usr/lib/dotnet to testhost start info.
TpTrace Verbose: 0 : 282203, 5, 2025/12/10, 09:25:40.139, 12056515242299, vstest.console.dll, DotnetTestHostmanager: Adding  --runtimeconfig "/home/benjamin/AgentDevelopment/AAS-Sharp-Client/tests/AasSharpClient.Tests/bin/Debug/net10.0/AasSharpClient.Tests.runtimeconfig.json" in args
TpTrace Verbose: 0 : 282203, 5, 2025/12/10, 09:25:40.139, 12056515252287, vstest.console.dll, DotnetTestHostmanager: Adding  --depsfile "/home/benjamin/AgentDevelopment/AAS-Sharp-Client/tests/AasSharpClient.Tests/bin/Debug/net10.0/AasSharpClient.Tests.deps.json" in args
TpTrace Information: 0 : 282203, 5, 2025/12/10, 09:25:40.139, 12056515279172, vstest.console.dll, AssemblyResolver.OnResolve: Microsoft.Extensions.DependencyModel: Resolving assembly.
TpTrace Information: 0 : 282203, 5, 2025/12/10, 09:25:40.139, 12056515292399, vstest.console.dll, AssemblyResolver.OnResolve: Microsoft.Extensions.DependencyModel: Searching in: '/usr/lib/dotnet/sdk/10.0.100/Extensions'.
TpTrace Information: 0 : 282203, 5, 2025/12/10, 09:25:40.139, 12056515300034, vstest.console.dll, AssemblyResolver.OnResolve: Microsoft.Extensions.DependencyModel: Assembly path does not exist: '/usr/lib/dotnet/sdk/10.0.100/Extensions/Microsoft.Extensions.DependencyModel.dll', returning.
TpTrace Information: 0 : 282203, 5, 2025/12/10, 09:25:40.139, 12056515307132, vstest.console.dll, AssemblyResolver.OnResolve: Microsoft.Extensions.DependencyModel: Assembly path does not exist: '/usr/lib/dotnet/sdk/10.0.100/Extensions/Microsoft.Extensions.DependencyModel.exe', returning.
TpTrace Information: 0 : 282203, 5, 2025/12/10, 09:25:40.139, 12056515312642, vstest.console.dll, AssemblyResolver.OnResolve: Microsoft.Extensions.DependencyModel: Searching in: '/usr/lib/dotnet/sdk/10.0.100'.
TpTrace Information: 0 : 282203, 5, 2025/12/10, 09:25:40.139, 12056515367000, vstest.console.dll, AssemblyResolver.OnResolve: Microsoft.Extensions.DependencyModel: Loading assembly '/usr/lib/dotnet/sdk/10.0.100/Microsoft.Extensions.DependencyModel.dll'.
TpTrace Information: 0 : 282203, 5, 2025/12/10, 09:25:40.140, 12056515440303, vstest.console.dll, AssemblyResolver.OnResolve: Resolved assembly: Microsoft.Extensions.DependencyModel, from path: /usr/lib/dotnet/sdk/10.0.100/Microsoft.Extensions.DependencyModel.dll
TpTrace Verbose: 0 : 282203, 5, 2025/12/10, 09:25:40.140, 12056515599135, vstest.console.dll, DotnetTestHostmanager: Runtimeconfig.dev.json /home/benjamin/AgentDevelopment/AAS-Sharp-Client/tests/AasSharpClient.Tests/bin/Debug/net10.0/AasSharpClient.Tests.runtimeconfig.dev.json does not exist.
TpTrace Verbose: 0 : 282203, 5, 2025/12/10, 09:25:40.140, 12056515612581, vstest.console.dll, DotnetTestHostManager: Found testhost.dll in source directory: /home/benjamin/AgentDevelopment/AAS-Sharp-Client/tests/AasSharpClient.Tests/bin/Debug/net10.0/testhost.dll.
TpTrace Verbose: 0 : 282203, 5, 2025/12/10, 09:25:40.140, 12056515624667, vstest.console.dll, DotnetTestHostmanager: Current process architetcure 'X64'
TpTrace Verbose: 0 : 282203, 5, 2025/12/10, 09:25:40.140, 12056516167955, vstest.console.dll, DotnetTestHostmanager.LaunchTestHostAsync: Compatible muxer architecture of running process 'X64' and target architecture 'X64'
TpTrace Verbose: 0 : 282203, 5, 2025/12/10, 09:25:40.140, 12056516184667, vstest.console.dll, DotnetTestHostmanager: Full path of testhost.dll is /home/benjamin/AgentDevelopment/AAS-Sharp-Client/tests/AasSharpClient.Tests/bin/Debug/net10.0/testhost.dll
TpTrace Verbose: 0 : 282203, 5, 2025/12/10, 09:25:40.140, 12056516194983, vstest.console.dll, DotnetTestHostmanager: Full path of host exe is /usr/lib/dotnet/dotnet
TpTrace Verbose: 0 : 282203, 5, 2025/12/10, 09:25:40.141, 12056516754185, vstest.console.dll, DotnetTestHostManager: Starting process '0' with command line '1' and DOTNET environment: DOTNET_ROOT_X64=/usr/lib/dotnet 
TpTrace Verbose: 0 : 282203, 5, 2025/12/10, 09:25:40.143, 12056519127706, vstest.console.dll, Test Runtime launched
TpTrace Verbose: 0 : 282203, 5, 2025/12/10, 09:25:40.143, 12056519175144, vstest.console.dll, MulticastDelegateUtilities.SafeInvoke: HostProviderEvents.OnHostLaunched: Invoking callback 1/1 for Microsoft.VisualStudio.TestPlatform.CrossPlatEngine.Client.ProxyOperationManager., took 0 ms.
TpTrace Verbose: 0 : 282203, 5, 2025/12/10, 09:25:40.143, 12056519293405, vstest.console.dll, TestRequestSender.WaitForRequestHandlerConnection: waiting for connection with timeout: 90000.
TpTrace Verbose: 0 : 282203, 5, 2025/12/10, 09:25:40.221, 12056597353380, vstest.console.dll, TestRequestSender.WaitForRequestHandlerConnection: waiting took 78 ms, with timeout 90000 ms, and result 0, which is success.
TpTrace Verbose: 0 : 282203, 10, 2025/12/10, 09:25:40.221, 12056597353472, vstest.console.dll, MulticastDelegateUtilities.SafeInvoke: SocketServer: ClientConnected: Invoking callback 1/1 for Microsoft.VisualStudio.TestPlatform.CommunicationUtilities.TestRequestSender., took 0 ms.
TpTrace Verbose: 0 : 282203, 10, 2025/12/10, 09:25:40.222, 12056597440548, vstest.console.dll, SocketServer.OnClientConnected: Client connected for endPoint: 127.0.0.1:46087, starting MessageLoopAsync:
TpTrace Verbose: 0 : 282203, 9, 2025/12/10, 09:25:40.222, 12056597760766, vstest.console.dll, TcpClientExtensions.MessageLoopAsync: Polling on remoteEndPoint: 127.0.0.1:55882 localEndPoint: 127.0.0.1:46087 after 0 ms
TpTrace Verbose: 0 : 282203, 5, 2025/12/10, 09:25:40.238, 12056614214013, vstest.console.dll, TestRequestSender.CheckVersionWithTestHost: Sending check version message: {"MessageType":"ProtocolVersion","Payload":7}
TpTrace Verbose: 0 : 282203, 9, 2025/12/10, 09:25:40.284, 12056660250185, vstest.console.dll, TcpClientExtensions.MessageLoopAsync: NotifyDataAvailable remoteEndPoint: 127.0.0.1:55882 localEndPoint: 127.0.0.1:46087
TpTrace Verbose: 0 : 282203, 9, 2025/12/10, 09:25:40.285, 12056660477432, vstest.console.dll, TestRequestSender.CheckVersionWithTestHost: onMessageReceived received message: (ProtocolVersion) -> {"MessageType":"ProtocolVersion","Payload":7}
TpTrace Verbose: 0 : 282203, 9, 2025/12/10, 09:25:40.286, 12056662204811, vstest.console.dll, MulticastDelegateUtilities.SafeInvoke: LengthPrefixCommunicationChannel: MessageReceived: Invoking callback 1/1 for Microsoft.VisualStudio.TestPlatform.CommunicationUtilities.TestRequestSender+<>c__DisplayClass29_0., took 1 ms.
TpTrace Verbose: 0 : 282203, 9, 2025/12/10, 09:25:40.286, 12056662246989, vstest.console.dll, TcpClientExtensions.MessageLoopAsync: Polling on remoteEndPoint: 127.0.0.1:55882 localEndPoint: 127.0.0.1:46087 after 64 ms
TpTrace Verbose: 0 : 282203, 5, 2025/12/10, 09:25:40.286, 12056662281884, vstest.console.dll, TestPluginCache.GetExtensionPaths: Filtered extension paths: 
TpTrace Verbose: 0 : 282203, 5, 2025/12/10, 09:25:40.286, 12056662314050, vstest.console.dll, TestPluginCache.GetExtensionPaths: Added default extension paths: /usr/lib/dotnet/sdk/10.0.100/Extensions/Microsoft.VisualStudio.TestPlatform.Extensions.Html.TestLogger.dll
/usr/lib/dotnet/sdk/10.0.100/Extensions/Microsoft.TestPlatform.TestHostRuntimeProvider.dll
/usr/lib/dotnet/sdk/10.0.100/Extensions/Microsoft.VisualStudio.TestPlatform.Extensions.Trx.TestLogger.dll
/usr/lib/dotnet/sdk/10.0.100/Extensions/Microsoft.TestPlatform.Extensions.BlameDataCollector.dll
/usr/lib/dotnet/sdk/10.0.100/Extensions/Microsoft.Diagnostics.NETCore.Client.dll
TpTrace Verbose: 0 : 282203, 5, 2025/12/10, 09:25:40.286, 12056662322685, vstest.console.dll, TestPluginCache.GetExtensionPaths: Added unfilterableExtensionPaths: 
TpTrace Verbose: 0 : 282203, 9, 2025/12/10, 09:25:40.287, 12056662951646, vstest.console.dll, TcpClientExtensions.MessageLoopAsync: NotifyDataAvailable remoteEndPoint: 127.0.0.1:55882 localEndPoint: 127.0.0.1:46087
TpTrace Verbose: 0 : 282203, 5, 2025/12/10, 09:25:40.288, 12056664221593, vstest.console.dll, TestRequestSender.InitializeExecution: Sending initialize execution with message: {"Version":7,"MessageType":"TestExecution.Initialize","Payload":["/home/benjamin/AgentDevelopment/AAS-Sharp-Client/tests/AasSharpClient.Tests/bin/Debug/net10.0/xunit.runner.visualstudio.testadapter.dll"]}
TpTrace Verbose: 0 : 282203, 5, 2025/12/10, 09:25:40.288, 12056664288866, vstest.console.dll, ParallelProxyExecutionManager.StartTestRunOnConcurrentManager: Execution starting. Started clients: 1
TpTrace Warning: 0 : 282203, 5, 2025/12/10, 09:25:40.289, 12056664469036, vstest.console.dll, InferRunSettingsHelper.MakeRunsettingsCompatible: Removing the following settings: TargetPlatform from RunSettings file. To use those settings please move to latest version of Microsoft.NET.Test.Sdk
TpTrace Verbose: 0 : 282203, 9, 2025/12/10, 09:25:40.289, 12056664772263, vstest.console.dll, TestRequestSender.OnExecutionMessageReceived: Received message: {"Version":7,"MessageType":"TestSession.Message","Payload":{"MessageLevel":0,"Message":"Logging TestHost Diagnostics in file: /home/benjamin/AgentDevelopment/AAS-Sharp-Client/diag.host.25-12-10_09-25-40_13952_5.log"}}
TpTrace Verbose: 0 : 282203, 9, 2025/12/10, 09:25:40.290, 12056666387314, vstest.console.dll, TestRunRequest:SendTestRunMessage: Starting.
TpTrace Verbose: 0 : 282203, 9, 2025/12/10, 09:25:40.291, 12056666482809, vstest.console.dll, MulticastDelegateUtilities.SafeInvoke: TestRun.LogMessages: Invoking callback 1/1 for Microsoft.VisualStudio.TestPlatform.CommandLine.TestRunResultAggregator., took 0 ms.
TpTrace Information: 0 : 282203, 9, 2025/12/10, 09:25:40.291, 12056666495563, vstest.console.dll, TestRunRequest:SendTestRunMessage: Completed.
TpTrace Verbose: 0 : 282203, 9, 2025/12/10, 09:25:40.291, 12056666504463, vstest.console.dll, MulticastDelegateUtilities.SafeInvoke: LengthPrefixCommunicationChannel: MessageReceived: Invoking callback 1/1 for Microsoft.VisualStudio.TestPlatform.CommunicationUtilities.TestRequestSender+<>c__DisplayClass34_0., took 1 ms.
TpTrace Verbose: 0 : 282203, 9, 2025/12/10, 09:25:40.291, 12056666518743, vstest.console.dll, TcpClientExtensions.MessageLoopAsync: Polling on remoteEndPoint: 127.0.0.1:55882 localEndPoint: 127.0.0.1:46087 after 4 ms
TpTrace Verbose: 0 : 282203, 4, 2025/12/10, 09:25:40.291, 12056666674810, vstest.console.dll, MulticastDelegateUtilities.SafeInvoke: InternalTestLoggerEvents.SendTestRunMessage: Invoking callback 1/1 for Microsoft.VisualStudio.TestPlatform.CommandLine.Internal.MSBuildLogger., took 0 ms.
TpTrace Verbose: 0 : 282203, 5, 2025/12/10, 09:25:40.293, 12056668622735, vstest.console.dll, TestRequestSender.StartTestRun: Sending test run with message: {"Version":7,"MessageType":"TestExecution.StartWithSources","Payload":{"AdapterSourceMap":{"_none_":["/home/benjamin/AgentDevelopment/AAS-Sharp-Client/tests/AasSharpClient.Tests/bin/Debug/net10.0/AasSharpClient.Tests.dll"]},"RunSettings":"<RunSettings>\n  <RunConfiguration>\n    <ResultsDirectory>/home/benjamin/AgentDevelopment/AAS-Sharp-Client/tests/AasSharpClient.Tests/TestResults</ResultsDirectory>\n    <TargetFrameworkVersion>.NETCoreApp,Version=v10.0</TargetFrameworkVersion>\n    <DesignMode>False</DesignMode>\n    <CollectSourceInformation>False</CollectSourceInformation>\n  </RunConfiguration>\n  <LoggerRunSettings>\n    <Loggers>\n      <Logger friendlyName=\"Microsoft.TestPlatform.MSBuildLogger\" assemblyQualifiedName=\"Microsoft.VisualStudio.TestPlatform.CommandLine.Internal.MSBuildLogger, vstest.console, Version=15.0.0.0, Culture=neutral, PublicKeyToken=b03f5f7f11d50a3a\" codeBase=\"/usr/lib/dotnet/sdk/10.0.100/vstest.console.dll\" enabled=\"True\">\n        <Configuration>\n          <Verbosity>minimal</Verbosity>\n        </Configuration>\n      </Logger>\n    </Loggers>\n  </LoggerRunSettings>\n</RunSettings>","TestExecutionContext":{"FrequencyOfRunStatsChangeEvent":10,"RunStatsChangeEventTimeout":"00:00:01.5000000","InIsolation":false,"KeepAlive":false,"AreTestCaseLevelEventsRequired":false,"IsDebug":false,"TestCaseFilter":"RemoteShellIntegrationTests","FilterOptions":null},"Package":null}}
TpTrace Verbose: 0 : 282203, 5, 2025/12/10, 09:25:40.293, 12056668682389, vstest.console.dll, ParallelProxyExecutionManager.StartTestRunOnConcurrentManager: Execution started. Started clients: 1
TpTrace Verbose: 0 : 282203, 9, 2025/12/10, 09:25:40.357, 12056732649065, vstest.console.dll, TcpClientExtensions.MessageLoopAsync: NotifyDataAvailable remoteEndPoint: 127.0.0.1:55882 localEndPoint: 127.0.0.1:46087
TpTrace Verbose: 0 : 282203, 9, 2025/12/10, 09:25:40.357, 12056732736644, vstest.console.dll, TestRequestSender.OnExecutionMessageReceived: Received message: {"Version":7,"MessageType":"TestSession.Message","Payload":{"MessageLevel":0,"Message":"[xUnit.net 00:00:00.00] xUnit.net VSTest Adapter v2.8.2+699d445a1a (64-bit .NET 10.0.0)"}}
TpTrace Verbose: 0 : 282203, 9, 2025/12/10, 09:25:40.357, 12056732846204, vstest.console.dll, TestRunRequest:SendTestRunMessage: Starting.
TpTrace Verbose: 0 : 282203, 9, 2025/12/10, 09:25:40.357, 12056732880601, vstest.console.dll, MulticastDelegateUtilities.SafeInvoke: TestRun.LogMessages: Invoking callback 1/1 for Microsoft.VisualStudio.TestPlatform.CommandLine.TestRunResultAggregator., took 0 ms.
TpTrace Information: 0 : 282203, 9, 2025/12/10, 09:25:40.357, 12056732888272, vstest.console.dll, TestRunRequest:SendTestRunMessage: Completed.
TpTrace Verbose: 0 : 282203, 9, 2025/12/10, 09:25:40.357, 12056732894247, vstest.console.dll, MulticastDelegateUtilities.SafeInvoke: LengthPrefixCommunicationChannel: MessageReceived: Invoking callback 1/1 for Microsoft.VisualStudio.TestPlatform.CommunicationUtilities.TestRequestSender+<>c__DisplayClass34_0., took 0 ms.
TpTrace Verbose: 0 : 282203, 9, 2025/12/10, 09:25:40.357, 12056732904795, vstest.console.dll, TcpClientExtensions.MessageLoopAsync: Polling on remoteEndPoint: 127.0.0.1:55882 localEndPoint: 127.0.0.1:46087 after 66 ms
TpTrace Verbose: 0 : 282203, 4, 2025/12/10, 09:25:40.357, 12056732961621, vstest.console.dll, MulticastDelegateUtilities.SafeInvoke: InternalTestLoggerEvents.SendTestRunMessage: Invoking callback 1/1 for Microsoft.VisualStudio.TestPlatform.CommandLine.Internal.MSBuildLogger., took 0 ms.
TpTrace Verbose: 0 : 282203, 9, 2025/12/10, 09:25:40.391, 12056767188276, vstest.console.dll, TcpClientExtensions.MessageLoopAsync: NotifyDataAvailable remoteEndPoint: 127.0.0.1:55882 localEndPoint: 127.0.0.1:46087
TpTrace Verbose: 0 : 282203, 9, 2025/12/10, 09:25:40.391, 12056767278924, vstest.console.dll, TestRequestSender.OnExecutionMessageReceived: Received message: {"Version":7,"MessageType":"TestSession.Message","Payload":{"MessageLevel":0,"Message":"[xUnit.net 00:00:00.03]   Discovering: AasSharpClient.Tests"}}
TpTrace Verbose: 0 : 282203, 9, 2025/12/10, 09:25:40.391, 12056767389243, vstest.console.dll, TestRunRequest:SendTestRunMessage: Starting.
TpTrace Verbose: 0 : 282203, 9, 2025/12/10, 09:25:40.392, 12056767416060, vstest.console.dll, MulticastDelegateUtilities.SafeInvoke: TestRun.LogMessages: Invoking callback 1/1 for Microsoft.VisualStudio.TestPlatform.CommandLine.TestRunResultAggregator., took 0 ms.
TpTrace Information: 0 : 282203, 9, 2025/12/10, 09:25:40.392, 12056767422556, vstest.console.dll, TestRunRequest:SendTestRunMessage: Completed.
TpTrace Verbose: 0 : 282203, 9, 2025/12/10, 09:25:40.392, 12056767428391, vstest.console.dll, MulticastDelegateUtilities.SafeInvoke: LengthPrefixCommunicationChannel: MessageReceived: Invoking callback 1/1 for Microsoft.VisualStudio.TestPlatform.CommunicationUtilities.TestRequestSender+<>c__DisplayClass34_0., took 0 ms.
TpTrace Verbose: 0 : 282203, 9, 2025/12/10, 09:25:40.392, 12056767435645, vstest.console.dll, TcpClientExtensions.MessageLoopAsync: Polling on remoteEndPoint: 127.0.0.1:55882 localEndPoint: 127.0.0.1:46087 after 34 ms
TpTrace Verbose: 0 : 282203, 4, 2025/12/10, 09:25:40.392, 12056767469587, vstest.console.dll, MulticastDelegateUtilities.SafeInvoke: InternalTestLoggerEvents.SendTestRunMessage: Invoking callback 1/1 for Microsoft.VisualStudio.TestPlatform.CommandLine.Internal.MSBuildLogger., took 0 ms.
TpTrace Verbose: 0 : 282203, 9, 2025/12/10, 09:25:40.419, 12056794929304, vstest.console.dll, TcpClientExtensions.MessageLoopAsync: NotifyDataAvailable remoteEndPoint: 127.0.0.1:55882 localEndPoint: 127.0.0.1:46087
TpTrace Verbose: 0 : 282203, 9, 2025/12/10, 09:25:40.419, 12056795028745, vstest.console.dll, TestRequestSender.OnExecutionMessageReceived: Received message: {"Version":7,"MessageType":"TestSession.Message","Payload":{"MessageLevel":0,"Message":"[xUnit.net 00:00:00.06]   Discovered:  AasSharpClient.Tests"}}
TpTrace Verbose: 0 : 282203, 9, 2025/12/10, 09:25:40.419, 12056795108472, vstest.console.dll, TestRunRequest:SendTestRunMessage: Starting.
TpTrace Verbose: 0 : 282203, 9, 2025/12/10, 09:25:40.419, 12056795148082, vstest.console.dll, MulticastDelegateUtilities.SafeInvoke: TestRun.LogMessages: Invoking callback 1/1 for Microsoft.VisualStudio.TestPlatform.CommandLine.TestRunResultAggregator., took 0 ms.
TpTrace Information: 0 : 282203, 9, 2025/12/10, 09:25:40.419, 12056795172037, vstest.console.dll, TestRunRequest:SendTestRunMessage: Completed.
TpTrace Verbose: 0 : 282203, 4, 2025/12/10, 09:25:40.419, 12056795181845, vstest.console.dll, MulticastDelegateUtilities.SafeInvoke: InternalTestLoggerEvents.SendTestRunMessage: Invoking callback 1/1 for Microsoft.VisualStudio.TestPlatform.CommandLine.Internal.MSBuildLogger., took 0 ms.
TpTrace Verbose: 0 : 282203, 9, 2025/12/10, 09:25:40.419, 12056795189345, vstest.console.dll, MulticastDelegateUtilities.SafeInvoke: LengthPrefixCommunicationChannel: MessageReceived: Invoking callback 1/1 for Microsoft.VisualStudio.TestPlatform.CommunicationUtilities.TestRequestSender+<>c__DisplayClass34_0., took 0 ms.
TpTrace Verbose: 0 : 282203, 9, 2025/12/10, 09:25:40.419, 12056795236606, vstest.console.dll, TcpClientExtensions.MessageLoopAsync: Polling on remoteEndPoint: 127.0.0.1:55882 localEndPoint: 127.0.0.1:46087 after 27 ms
TpTrace Verbose: 0 : 282203, 9, 2025/12/10, 09:25:40.424, 12056800269568, vstest.console.dll, TcpClientExtensions.MessageLoopAsync: NotifyDataAvailable remoteEndPoint: 127.0.0.1:55882 localEndPoint: 127.0.0.1:46087
TpTrace Verbose: 0 : 282203, 9, 2025/12/10, 09:25:40.424, 12056800372342, vstest.console.dll, TestRequestSender.OnExecutionMessageReceived: Received message: {"Version":7,"MessageType":"TestSession.Message","Payload":{"MessageLevel":0,"Message":"[xUnit.net 00:00:00.06]   Starting:    AasSharpClient.Tests"}}
TpTrace Verbose: 0 : 282203, 9, 2025/12/10, 09:25:40.425, 12056800453829, vstest.console.dll, TestRunRequest:SendTestRunMessage: Starting.
TpTrace Verbose: 0 : 282203, 9, 2025/12/10, 09:25:40.425, 12056800495261, vstest.console.dll, MulticastDelegateUtilities.SafeInvoke: TestRun.LogMessages: Invoking callback 1/1 for Microsoft.VisualStudio.TestPlatform.CommandLine.TestRunResultAggregator., took 0 ms.
TpTrace Information: 0 : 282203, 9, 2025/12/10, 09:25:40.425, 12056800521230, vstest.console.dll, TestRunRequest:SendTestRunMessage: Completed.
TpTrace Verbose: 0 : 282203, 4, 2025/12/10, 09:25:40.425, 12056800537257, vstest.console.dll, MulticastDelegateUtilities.SafeInvoke: InternalTestLoggerEvents.SendTestRunMessage: Invoking callback 1/1 for Microsoft.VisualStudio.TestPlatform.CommandLine.Internal.MSBuildLogger., took 0 ms.
TpTrace Verbose: 0 : 282203, 9, 2025/12/10, 09:25:40.425, 12056800562728, vstest.console.dll, MulticastDelegateUtilities.SafeInvoke: LengthPrefixCommunicationChannel: MessageReceived: Invoking callback 1/1 for Microsoft.VisualStudio.TestPlatform.CommunicationUtilities.TestRequestSender+<>c__DisplayClass34_0., took 0 ms.
TpTrace Verbose: 0 : 282203, 9, 2025/12/10, 09:25:40.425, 12056800630074, vstest.console.dll, TcpClientExtensions.MessageLoopAsync: Polling on remoteEndPoint: 127.0.0.1:55882 localEndPoint: 127.0.0.1:46087 after 5 ms
TpTrace Verbose: 0 : 282203, 9, 2025/12/10, 09:25:40.524, 12056899518268, vstest.console.dll, TcpClientExtensions.MessageLoopAsync: NotifyDataAvailable remoteEndPoint: 127.0.0.1:55882 localEndPoint: 127.0.0.1:46087
TpTrace Verbose: 0 : 282203, 9, 2025/12/10, 09:25:40.524, 12056899678469, vstest.console.dll, TestRequestSender.OnExecutionMessageReceived: Received message: {"Version":7,"MessageType":"TestSession.Message","Payload":{"MessageLevel":2,"Message":"[xUnit.net 00:00:00.16]     AasSharpClient.Tests.RemoteShellIntegrationTests.Reads_ProductIdentification_From_Remote_Shell [FAIL]"}}
TpTrace Verbose: 0 : 282203, 9, 2025/12/10, 09:25:40.524, 12056899807953, vstest.console.dll, TestRunRequest:SendTestRunMessage: Starting.
TpTrace Verbose: 0 : 282203, 9, 2025/12/10, 09:25:40.524, 12056899860025, vstest.console.dll, MulticastDelegateUtilities.SafeInvoke: TestRun.LogMessages: Invoking callback 1/1 for Microsoft.VisualStudio.TestPlatform.CommandLine.TestRunResultAggregator., took 0 ms.
TpTrace Information: 0 : 282203, 9, 2025/12/10, 09:25:40.524, 12056899886815, vstest.console.dll, TestRunRequest:SendTestRunMessage: Completed.
TpTrace Verbose: 0 : 282203, 4, 2025/12/10, 09:25:40.524, 12056899947353, vstest.console.dll, MulticastDelegateUtilities.SafeInvoke: InternalTestLoggerEvents.SendTestRunMessage: Invoking callback 1/1 for Microsoft.VisualStudio.TestPlatform.CommandLine.Internal.MSBuildLogger., took 0 ms.
TpTrace Verbose: 0 : 282203, 9, 2025/12/10, 09:25:40.524, 12056900006308, vstest.console.dll, MulticastDelegateUtilities.SafeInvoke: LengthPrefixCommunicationChannel: MessageReceived: Invoking callback 1/1 for Microsoft.VisualStudio.TestPlatform.CommunicationUtilities.TestRequestSender+<>c__DisplayClass34_0., took 0 ms.
TpTrace Verbose: 0 : 282203, 9, 2025/12/10, 09:25:40.524, 12056900089928, vstest.console.dll, TcpClientExtensions.MessageLoopAsync: Polling on remoteEndPoint: 127.0.0.1:55882 localEndPoint: 127.0.0.1:46087 after 99 ms
TpTrace Verbose: 0 : 282203, 9, 2025/12/10, 09:25:40.524, 12056900125548, vstest.console.dll, TcpClientExtensions.MessageLoopAsync: NotifyDataAvailable remoteEndPoint: 127.0.0.1:55882 localEndPoint: 127.0.0.1:46087
TpTrace Verbose: 0 : 282203, 9, 2025/12/10, 09:25:40.524, 12056900183032, vstest.console.dll, TestRequestSender.OnExecutionMessageReceived: Received message: {"Version":7,"MessageType":"TestSession.Message","Payload":{"MessageLevel":0,"Message":"[xUnit.net 00:00:00.16]       Exception | -2147467262 |  - Unable to cast object of type 'BaSyx.Models.AdminShell.Reference' to type 'BaSyx.Models.AdminShell.IReference`1[BaSyx.Models.AdminShell.ISubmodel]'."}}
TpTrace Verbose: 0 : 282203, 9, 2025/12/10, 09:25:40.524, 12056900248877, vstest.console.dll, TestRunRequest:SendTestRunMessage: Starting.
TpTrace Verbose: 0 : 282203, 9, 2025/12/10, 09:25:40.524, 12056900288719, vstest.console.dll, MulticastDelegateUtilities.SafeInvoke: TestRun.LogMessages: Invoking callback 1/1 for Microsoft.VisualStudio.TestPlatform.CommandLine.TestRunResultAggregator., took 0 ms.
TpTrace Information: 0 : 282203, 9, 2025/12/10, 09:25:40.524, 12056900311005, vstest.console.dll, TestRunRequest:SendTestRunMessage: Completed.
TpTrace Verbose: 0 : 282203, 4, 2025/12/10, 09:25:40.524, 12056900327507, vstest.console.dll, MulticastDelegateUtilities.SafeInvoke: InternalTestLoggerEvents.SendTestRunMessage: Invoking callback 1/1 for Microsoft.VisualStudio.TestPlatform.CommandLine.Internal.MSBuildLogger., took 0 ms.
TpTrace Verbose: 0 : 282203, 9, 2025/12/10, 09:25:40.524, 12056900344957, vstest.console.dll, MulticastDelegateUtilities.SafeInvoke: LengthPrefixCommunicationChannel: MessageReceived: Invoking callback 1/1 for Microsoft.VisualStudio.TestPlatform.CommunicationUtilities.TestRequestSender+<>c__DisplayClass34_0., took 0 ms.
TpTrace Verbose: 0 : 282203, 9, 2025/12/10, 09:25:40.524, 12056900400699, vstest.console.dll, TcpClientExtensions.MessageLoopAsync: Polling on remoteEndPoint: 127.0.0.1:55882 localEndPoint: 127.0.0.1:46087 after 0 ms
TpTrace Verbose: 0 : 282203, 9, 2025/12/10, 09:25:40.525, 12056900431152, vstest.console.dll, TcpClientExtensions.MessageLoopAsync: NotifyDataAvailable remoteEndPoint: 127.0.0.1:55882 localEndPoint: 127.0.0.1:46087
TpTrace Verbose: 0 : 282203, 9, 2025/12/10, 09:25:40.525, 12056900467135, vstest.console.dll, TestRequestSender.OnExecutionMessageReceived: Received message: {"Version":7,"MessageType":"TestSession.Message","Payload":{"MessageLevel":0,"Message":"[xUnit.net 00:00:00.16]       "}}
TpTrace Verbose: 0 : 282203, 9, 2025/12/10, 09:25:40.525, 12056900518052, vstest.console.dll, TestRunRequest:SendTestRunMessage: Starting.
TpTrace Verbose: 0 : 282203, 9, 2025/12/10, 09:25:40.525, 12056900554086, vstest.console.dll, MulticastDelegateUtilities.SafeInvoke: TestRun.LogMessages: Invoking callback 1/1 for Microsoft.VisualStudio.TestPlatform.CommandLine.TestRunResultAggregator., took 0 ms.
TpTrace Information: 0 : 282203, 9, 2025/12/10, 09:25:40.525, 12056900575134, vstest.console.dll, TestRunRequest:SendTestRunMessage: Completed.
TpTrace Verbose: 0 : 282203, 9, 2025/12/10, 09:25:40.525, 12056900597959, vstest.console.dll, MulticastDelegateUtilities.SafeInvoke: LengthPrefixCommunicationChannel: MessageReceived: Invoking callback 1/1 for Microsoft.VisualStudio.TestPlatform.CommunicationUtilities.TestRequestSender+<>c__DisplayClass34_0., took 0 ms.
TpTrace Verbose: 0 : 282203, 4, 2025/12/10, 09:25:40.525, 12056900593772, vstest.console.dll, MulticastDelegateUtilities.SafeInvoke: InternalTestLoggerEvents.SendTestRunMessage: Invoking callback 1/1 for Microsoft.VisualStudio.TestPlatform.CommandLine.Internal.MSBuildLogger., took 0 ms.
TpTrace Verbose: 0 : 282203, 9, 2025/12/10, 09:25:40.525, 12056900656314, vstest.console.dll, TcpClientExtensions.MessageLoopAsync: Polling on remoteEndPoint: 127.0.0.1:55882 localEndPoint: 127.0.0.1:46087 after 0 ms
TpTrace Verbose: 0 : 282203, 9, 2025/12/10, 09:25:40.525, 12056900723990, vstest.console.dll, TcpClientExtensions.MessageLoopAsync: NotifyDataAvailable remoteEndPoint: 127.0.0.1:55882 localEndPoint: 127.0.0.1:46087
TpTrace Verbose: 0 : 282203, 9, 2025/12/10, 09:25:40.525, 12056900761774, vstest.console.dll, TestRequestSender.OnExecutionMessageReceived: Received message: {"Version":7,"MessageType":"TestSession.Message","Payload":{"MessageLevel":0,"Message":"[xUnit.net 00:00:00.16]       Stack Trace:"}}
TpTrace Verbose: 0 : 282203, 9, 2025/12/10, 09:25:40.525, 12056900812181, vstest.console.dll, TestRunRequest:SendTestRunMessage: Starting.
TpTrace Verbose: 0 : 282203, 9, 2025/12/10, 09:25:40.525, 12056900846629, vstest.console.dll, MulticastDelegateUtilities.SafeInvoke: TestRun.LogMessages: Invoking callback 1/1 for Microsoft.VisualStudio.TestPlatform.CommandLine.TestRunResultAggregator., took 0 ms.
TpTrace Information: 0 : 282203, 9, 2025/12/10, 09:25:40.525, 12056900870802, vstest.console.dll, TestRunRequest:SendTestRunMessage: Completed.
TpTrace Verbose: 0 : 282203, 4, 2025/12/10, 09:25:40.525, 12056900882395, vstest.console.dll, MulticastDelegateUtilities.SafeInvoke: InternalTestLoggerEvents.SendTestRunMessage: Invoking callback 1/1 for Microsoft.VisualStudio.TestPlatform.CommandLine.Internal.MSBuildLogger., took 0 ms.
TpTrace Verbose: 0 : 282203, 9, 2025/12/10, 09:25:40.525, 12056900894523, vstest.console.dll, MulticastDelegateUtilities.SafeInvoke: LengthPrefixCommunicationChannel: MessageReceived: Invoking callback 1/1 for Microsoft.VisualStudio.TestPlatform.CommunicationUtilities.TestRequestSender+<>c__DisplayClass34_0., took 0 ms.
TpTrace Verbose: 0 : 282203, 9, 2025/12/10, 09:25:40.525, 12056900925759, vstest.console.dll, TcpClientExtensions.MessageLoopAsync: Polling on remoteEndPoint: 127.0.0.1:55882 localEndPoint: 127.0.0.1:46087 after 0 ms
TpTrace Verbose: 0 : 282203, 9, 2025/12/10, 09:25:40.525, 12056900952091, vstest.console.dll, TcpClientExtensions.MessageLoopAsync: NotifyDataAvailable remoteEndPoint: 127.0.0.1:55882 localEndPoint: 127.0.0.1:46087
TpTrace Verbose: 0 : 282203, 9, 2025/12/10, 09:25:40.525, 12056900992779, vstest.console.dll, TestRequestSender.OnExecutionMessageReceived: Received message: {"Version":7,"MessageType":"TestSession.Message","Payload":{"MessageLevel":0,"Message":"[xUnit.net 00:00:00.16]         /home/benjamin/AgentDevelopment/AAS-Sharp-Client/tests/AasSharpClient.Tests/RemoteShellIntegrationTests.cs(31,0): at AasSharpClient.Tests.RemoteShellIntegrationTests.Reads_ProductIdentification_From_Remote_Shell()"}}
TpTrace Verbose: 0 : 282203, 9, 2025/12/10, 09:25:40.525, 12056901058175, vstest.console.dll, TestRunRequest:SendTestRunMessage: Starting.
TpTrace Verbose: 0 : 282203, 9, 2025/12/10, 09:25:40.525, 12056901091852, vstest.console.dll, MulticastDelegateUtilities.SafeInvoke: TestRun.LogMessages: Invoking callback 1/1 for Microsoft.VisualStudio.TestPlatform.CommandLine.TestRunResultAggregator., took 0 ms.
TpTrace Information: 0 : 282203, 9, 2025/12/10, 09:25:40.525, 12056901114172, vstest.console.dll, TestRunRequest:SendTestRunMessage: Completed.
TpTrace Verbose: 0 : 282203, 4, 2025/12/10, 09:25:40.525, 12056901116730, vstest.console.dll, MulticastDelegateUtilities.SafeInvoke: InternalTestLoggerEvents.SendTestRunMessage: Invoking callback 1/1 for Microsoft.VisualStudio.TestPlatform.CommandLine.Internal.MSBuildLogger., took 0 ms.
TpTrace Verbose: 0 : 282203, 9, 2025/12/10, 09:25:40.525, 12056901138406, vstest.console.dll, MulticastDelegateUtilities.SafeInvoke: LengthPrefixCommunicationChannel: MessageReceived: Invoking callback 1/1 for Microsoft.VisualStudio.TestPlatform.CommunicationUtilities.TestRequestSender+<>c__DisplayClass34_0., took 0 ms.
TpTrace Verbose: 0 : 282203, 9, 2025/12/10, 09:25:40.525, 12056901199029, vstest.console.dll, TcpClientExtensions.MessageLoopAsync: Polling on remoteEndPoint: 127.0.0.1:55882 localEndPoint: 127.0.0.1:46087 after 0 ms
TpTrace Verbose: 0 : 282203, 9, 2025/12/10, 09:25:40.525, 12056901222377, vstest.console.dll, TcpClientExtensions.MessageLoopAsync: NotifyDataAvailable remoteEndPoint: 127.0.0.1:55882 localEndPoint: 127.0.0.1:46087
TpTrace Verbose: 0 : 282203, 9, 2025/12/10, 09:25:40.525, 12056901265402, vstest.console.dll, TestRequestSender.OnExecutionMessageReceived: Received message: {"Version":7,"MessageType":"TestSession.Message","Payload":{"MessageLevel":0,"Message":"[xUnit.net 00:00:00.16]         --- End of stack trace from previous location ---"}}
TpTrace Verbose: 0 : 282203, 9, 2025/12/10, 09:25:40.525, 12056901312385, vstest.console.dll, TestRunRequest:SendTestRunMessage: Starting.
TpTrace Verbose: 0 : 282203, 9, 2025/12/10, 09:25:40.525, 12056901344977, vstest.console.dll, MulticastDelegateUtilities.SafeInvoke: TestRun.LogMessages: Invoking callback 1/1 for Microsoft.VisualStudio.TestPlatform.CommandLine.TestRunResultAggregator., took 0 ms.
TpTrace Verbose: 0 : 282203, 4, 2025/12/10, 09:25:40.525, 12056901362803, vstest.console.dll, MulticastDelegateUtilities.SafeInvoke: InternalTestLoggerEvents.SendTestRunMessage: Invoking callback 1/1 for Microsoft.VisualStudio.TestPlatform.CommandLine.Internal.MSBuildLogger., took 0 ms.
TpTrace Information: 0 : 282203, 9, 2025/12/10, 09:25:40.525, 12056901369966, vstest.console.dll, TestRunRequest:SendTestRunMessage: Completed.
TpTrace Verbose: 0 : 282203, 9, 2025/12/10, 09:25:40.526, 12056901422226, vstest.console.dll, MulticastDelegateUtilities.SafeInvoke: LengthPrefixCommunicationChannel: MessageReceived: Invoking callback 1/1 for Microsoft.VisualStudio.TestPlatform.CommunicationUtilities.TestRequestSender+<>c__DisplayClass34_0., took 0 ms.
TpTrace Verbose: 0 : 282203, 9, 2025/12/10, 09:25:40.526, 12056901446056, vstest.console.dll, TcpClientExtensions.MessageLoopAsync: Polling on remoteEndPoint: 127.0.0.1:55882 localEndPoint: 127.0.0.1:46087 after 0 ms
TpTrace Verbose: 0 : 282203, 9, 2025/12/10, 09:25:40.528, 12056903928395, vstest.console.dll, TcpClientExtensions.MessageLoopAsync: NotifyDataAvailable remoteEndPoint: 127.0.0.1:55882 localEndPoint: 127.0.0.1:46087
TpTrace Verbose: 0 : 282203, 9, 2025/12/10, 09:25:40.528, 12056903984301, vstest.console.dll, TestRequestSender.OnExecutionMessageReceived: Received message: {"Version":7,"MessageType":"TestSession.Message","Payload":{"MessageLevel":0,"Message":"[xUnit.net 00:00:00.17]   Finished:    AasSharpClient.Tests"}}
TpTrace Verbose: 0 : 282203, 9, 2025/12/10, 09:25:40.528, 12056904062951, vstest.console.dll, TestRunRequest:SendTestRunMessage: Starting.
TpTrace Verbose: 0 : 282203, 9, 2025/12/10, 09:25:40.528, 12056904103614, vstest.console.dll, MulticastDelegateUtilities.SafeInvoke: TestRun.LogMessages: Invoking callback 1/1 for Microsoft.VisualStudio.TestPlatform.CommandLine.TestRunResultAggregator., took 0 ms.
TpTrace Information: 0 : 282203, 9, 2025/12/10, 09:25:40.528, 12056904114221, vstest.console.dll, TestRunRequest:SendTestRunMessage: Completed.
TpTrace Verbose: 0 : 282203, 9, 2025/12/10, 09:25:40.528, 12056904122188, vstest.console.dll, MulticastDelegateUtilities.SafeInvoke: LengthPrefixCommunicationChannel: MessageReceived: Invoking callback 1/1 for Microsoft.VisualStudio.TestPlatform.CommunicationUtilities.TestRequestSender+<>c__DisplayClass34_0., took 0 ms.
TpTrace Verbose: 0 : 282203, 4, 2025/12/10, 09:25:40.528, 12056904127084, vstest.console.dll, MulticastDelegateUtilities.SafeInvoke: InternalTestLoggerEvents.SendTestRunMessage: Invoking callback 1/1 for Microsoft.VisualStudio.TestPlatform.CommandLine.Internal.MSBuildLogger., took 0 ms.
TpTrace Verbose: 0 : 282203, 9, 2025/12/10, 09:25:40.528, 12056904132859, vstest.console.dll, TcpClientExtensions.MessageLoopAsync: Polling on remoteEndPoint: 127.0.0.1:55882 localEndPoint: 127.0.0.1:46087 after 2 ms
TpTrace Verbose: 0 : 282203, 9, 2025/12/10, 09:25:40.552, 12056928168039, vstest.console.dll, TcpClientExtensions.MessageLoopAsync: NotifyDataAvailable remoteEndPoint: 127.0.0.1:55882 localEndPoint: 127.0.0.1:46087
TpTrace Verbose: 0 : 282203, 9, 2025/12/10, 09:25:40.552, 12056928291263, vstest.console.dll, TestRequestSender.OnExecutionMessageReceived: Received message: {"Version":7,"MessageType":"TestExecution.Completed","Payload":{"TestRunCompleteArgs":{"TestRunStatistics":{"ExecutedTests":1,"Stats":{"Failed":1}},"IsCanceled":false,"IsAborted":false,"Error":null,"AttachmentSets":[],"InvokedDataCollectors":[],"ElapsedTimeInRunningTests":"00:00:00.1769746","Metrics":{},"DiscoveredExtensions":{"TestDiscoverers":["Xunit.Runner.VisualStudio.VsTestRunner, xunit.runner.visualstudio.testadapter, Version=2.8.2.0, Culture=neutral, PublicKeyToken=null"],"TestExecutors":["executor://xunit/VsTestRunner2/netcoreapp"],"TestExecutors2":[],"TestSettingsProviders":[]}},"LastRunTests":{"NewTestResults":[{"TestCase":{"Id":"5b3d90ce-212b-5c56-22c0-04e41318e828","FullyQualifiedName":"AasSharpClient.Tests.RemoteShellIntegrationTests.Reads_ProductIdentification_From_Remote_Shell","DisplayName":"AasSharpClient.Tests.RemoteShellIntegrationTests.Reads_ProductIdentification_From_Remote_Shell","ExecutorUri":"executor://xunit/VsTestRunner2/netcoreapp","Source":"/home/benjamin/AgentDevelopment/AAS-Sharp-Client/tests/AasSharpClient.Tests/bin/Debug/net10.0/AasSharpClient.Tests.dll","CodeFilePath":null,"LineNumber":0,"Properties":[]},"Attachments":[],"Outcome":2,"ErrorMessage":"Exception | -2147467262 |  - Unable to cast object of type 'BaSyx.Models.AdminShell.Reference' to type 'BaSyx.Models.AdminShell.IReference`1[BaSyx.Models.AdminShell.ISubmodel]'.\n","ErrorStackTrace":"   at AasSharpClient.Tests.RemoteShellIntegrationTests.Reads_ProductIdentification_From_Remote_Shell() in /home/benjamin/AgentDevelopment/AAS-Sharp-Client/tests/AasSharpClient.Tests/RemoteShellIntegrationTests.cs:line 31\n--- End of stack trace from previous location ---","DisplayName":"AasSharpClient.Tests.RemoteShellIntegrationTests.Reads_ProductIdentification_From_Remote_Shell","Messages":[],"ComputerName":"BeBlWorkstationUbuntu","Duration":"00:00:00.0674069","StartTime":"2025-12-10T08:25:40.5259479+00:00","EndTime":"2025-12-10T08:25:40.5259583+00:00","Properties":[]}],"TestRunStatistics":{"ExecutedTests":1,"Stats":{"Failed":1}},"ActiveTests":[]},"RunAttachments":[],"ExecutorUris":["executor://xunit/VsTestRunner2/netcoreapp"]}}
TpTrace Verbose: 0 : 282203, 9, 2025/12/10, 09:25:40.552, 12056928353447, vstest.console.dll, TestRequestSender.EndSession: Sending end session.
TpTrace Verbose: 0 : 282203, 9, 2025/12/10, 09:25:40.553, 12056928434369, vstest.console.dll, ProxyOperationManager.Close: waiting for test host to exit for 100 ms
TpTrace Warning: 0 : 282203, 5, 2025/12/10, 09:25:40.557, 12056933127675, vstest.console.dll, TestHostManagerCallbacks.ErrorReceivedCallback Test host standard error line: 
TpTrace Verbose: 0 : 282203, 10, 2025/12/10, 09:25:40.557, 12056933127948, vstest.console.dll, TestHostManagerCallbacks.StandardOutputReceivedCallback Test host standard output line: 
TpTrace Verbose: 0 : 282203, 12, 2025/12/10, 09:25:40.559, 12056934618812, vstest.console.dll, TestHostProvider.ExitCallBack: Host exited starting callback.
TpTrace Information: 0 : 282203, 12, 2025/12/10, 09:25:40.559, 12056934691880, vstest.console.dll, TestHostManagerCallbacks.ExitCallBack: Testhost processId: 282218 exited with exitcode: 0 error: ''
TpTrace Verbose: 0 : 282203, 12, 2025/12/10, 09:25:40.559, 12056934734363, vstest.console.dll, DotnetTestHostManager.OnHostExited: invoking OnHostExited callback
TpTrace Verbose: 0 : 282203, 12, 2025/12/10, 09:25:40.559, 12056934939513, vstest.console.dll, CrossPlatEngine.TestHostManagerHostExited: calling on client process exit callback.
TpTrace Information: 0 : 282203, 12, 2025/12/10, 09:25:40.559, 12056934995102, vstest.console.dll, TestRequestSender.OnClientProcessExit: Test host process exited. Standard error: 
TpTrace Information: 0 : 282203, 9, 2025/12/10, 09:25:40.559, 12056935016249, vstest.console.dll, SocketServer.Stop: Stop server endPoint: 127.0.0.1:46087
TpTrace Information: 0 : 282203, 9, 2025/12/10, 09:25:40.559, 12056935048034, vstest.console.dll, SocketServer.Stop: Cancellation requested. Stopping message loop.
TpTrace Information: 0 : 282203, 12, 2025/12/10, 09:25:40.559, 12056935049891, vstest.console.dll, SocketServer.Stop: Stop server endPoint: 127.0.0.1:46087
TpTrace Information: 0 : 282203, 12, 2025/12/10, 09:25:40.559, 12056935075678, vstest.console.dll, SocketServer.Stop: Cancellation requested. Stopping message loop.
TpTrace Information: 0 : 282203, 9, 2025/12/10, 09:25:40.559, 12056935099874, vstest.console.dll, Closing the connection
TpTrace Verbose: 0 : 282203, 12, 2025/12/10, 09:25:40.559, 12056935105400, vstest.console.dll, MulticastDelegateUtilities.SafeInvoke: HostProviderEvents.OnHostExited: Invoking callback 1/1 for Microsoft.VisualStudio.TestPlatform.CrossPlatEngine.Client.ProxyOperationManager., took 0 ms.
TpTrace Verbose: 0 : 282203, 9, 2025/12/10, 09:25:40.580, 12056955932648, vstest.console.dll, ParallelRunEventsHandler.HandleTestRunComplete: Handling a run completion, this can be either one part of parallel run completing, or the whole parallel run completing.
TpTrace Verbose: 0 : 282203, 9, 2025/12/10, 09:25:40.587, 12056962747519, vstest.console.dll, TestRunRequest:SendTestRunStatsChange: Starting.
TpTrace Verbose: 0 : 282203, 9, 2025/12/10, 09:25:40.587, 12056962858704, vstest.console.dll, MulticastDelegateUtilities.SafeInvoke: TestRun.RunStatsChanged: Invoking callbacks was skipped because there are no subscribers.
TpTrace Information: 0 : 282203, 9, 2025/12/10, 09:25:40.587, 12056962871189, vstest.console.dll, TestRunRequest:SendTestRunStatsChange: Completed.
TpTrace Verbose: 0 : 282203, 9, 2025/12/10, 09:25:40.587, 12056963008469, vstest.console.dll, ParallelProxyExecutionManager: HandlePartialRunComplete: Total workloads = 1, Total started clients = 1 Total completed clients = 1, Run complete = True, Run canceled: False.
TpTrace Verbose: 0 : 282203, 9, 2025/12/10, 09:25:40.587, 12056963020518, vstest.console.dll, ParallelProxyExecutionManager: HandlePartialRunComplete: All runs completed stopping all managers.
TpTrace Verbose: 0 : 282203, 9, 2025/12/10, 09:25:40.587, 12056963032398, vstest.console.dll, ParallelOperationManager.StopAllManagers: Stopping all managers.
TpTrace Verbose: 0 : 282203, 9, 2025/12/10, 09:25:40.587, 12056963040631, vstest.console.dll, ParallelOperationManager.ClearSlots: Clearing all slots. Slots should accept more work: False
TpTrace Verbose: 0 : 282203, 9, 2025/12/10, 09:25:40.587, 12056963054455, vstest.console.dll, ParallelOperationManager.SetOccupiedSlotCount: Setting slot counts AvailableSlotCount = 1, OccupiedSlotCount = 0.
TpTrace Verbose: 0 : 282203, 9, 2025/12/10, 09:25:40.587, 12056963064620, vstest.console.dll, Occupied slots:

TpTrace Verbose: 0 : 282203, 9, 2025/12/10, 09:25:40.587, 12056963072697, vstest.console.dll, ParallelRunEventsHandler.HandleTestRunComplete: Whole parallel run completed.
TpTrace Verbose: 0 : 282203, 4, 2025/12/10, 09:25:40.596, 12056972158687, vstest.console.dll, MulticastDelegateUtilities.SafeInvoke: InternalTestLoggerEvents.SendTestResult: Invoking callback 1/1 for Microsoft.VisualStudio.TestPlatform.CommandLine.Internal.MSBuildLogger., took 9 ms.
TpTrace Verbose: 0 : 282203, 4, 2025/12/10, 09:25:40.600, 12056976157800, vstest.console.dll, MulticastDelegateUtilities.SafeInvoke: InternalTestLoggerEvents.SendTestRunComplete: Invoking callback 1/1 for Microsoft.VisualStudio.TestPlatform.CommandLine.Internal.MSBuildLogger., took 3 ms.
TpTrace Verbose: 0 : 282203, 9, 2025/12/10, 09:25:40.600, 12056976259319, vstest.console.dll, TestRunRequest:TestRunComplete: Starting. IsAborted:False IsCanceled:False.
TpTrace Verbose: 0 : 282203, 9, 2025/12/10, 09:25:40.600, 12056976320454, vstest.console.dll, ParallelOperationManager.DoActionOnAllManagers: Calling an action on all managers.
TpTrace Verbose: 0 : 282203, 9, 2025/12/10, 09:25:40.601, 12056977055316, vstest.console.dll, TestLoggerManager.HandleTestRunComplete: Ignoring as the object is disposed.
TpTrace Verbose: 0 : 282203, 9, 2025/12/10, 09:25:40.601, 12056977198186, vstest.console.dll, MulticastDelegateUtilities.SafeInvoke: TestRun.TestRunComplete: Invoking callback 1/2 for Microsoft.VisualStudio.TestPlatform.CommandLine.TestRunResultAggregator., took 0 ms.
TpTrace Verbose: 0 : 282203, 9, 2025/12/10, 09:25:40.601, 12056977257235, vstest.console.dll, MulticastDelegateUtilities.SafeInvoke: TestRun.TestRunComplete: Invoking callback 2/2 for Microsoft.VisualStudio.TestPlatform.CommandLine.Processors.RunTestsArgumentExecutor+TestRunRequestEventsRegistrar., took 0 ms.
TpTrace Information: 0 : 282203, 9, 2025/12/10, 09:25:40.601, 12056977296415, vstest.console.dll, TestRunRequest:TestRunComplete: Completed.
TpTrace Verbose: 0 : 282203, 9, 2025/12/10, 09:25:40.601, 12056977309646, vstest.console.dll, TestRequestSender.SetOperationComplete: Setting operation complete.
TpTrace Information: 0 : 282203, 9, 2025/12/10, 09:25:40.601, 12056977317222, vstest.console.dll, SocketServer.Stop: Stop server endPoint: 127.0.0.1:46087
TpTrace Information: 0 : 282203, 9, 2025/12/10, 09:25:40.601, 12056977326248, vstest.console.dll, SocketServer.Stop: Cancellation requested. Stopping message loop.
TpTrace Verbose: 0 : 282203, 9, 2025/12/10, 09:25:40.601, 12056977335245, vstest.console.dll, MulticastDelegateUtilities.SafeInvoke: LengthPrefixCommunicationChannel: MessageReceived: Invoking callback 1/1 for Microsoft.VisualStudio.TestPlatform.CommunicationUtilities.TestRequestSender+<>c__DisplayClass34_0., took 49 ms.
TpTrace Information: 0 : 282203, 9, 2025/12/10, 09:25:40.601, 12056977347852, vstest.console.dll, SocketServer.PrivateStop: Stopping server endPoint: 127.0.0.1:46087 error: 
TpTrace Verbose: 0 : 282203, 1, 2025/12/10, 09:25:40.601, 12056977343224, vstest.console.dll, TestRunRequest.Dispose: Starting.
TpTrace Information: 0 : 282203, 1, 2025/12/10, 09:25:40.601, 12056977393051, vstest.console.dll, TestRunRequest.Dispose: Completed.
TpTrace Information: 0 : 282203, 1, 2025/12/10, 09:25:40.602, 12056977424740, vstest.console.dll, TestRequestManager.RunTests: run tests completed.
TpTrace Verbose: 0 : 282203, 9, 2025/12/10, 09:25:40.602, 12056977440949, vstest.console.dll, LengthPrefixCommunicationChannel.Dispose: Dispose reader and writer.
TpTrace Information: 0 : 282203, 9, 2025/12/10, 09:25:40.602, 12056977472227, vstest.console.dll, SocketServer.Stop: Raise disconnected event endPoint: 127.0.0.1:46087 error: 
TpTrace Information: 0 : 282203, 1, 2025/12/10, 09:25:40.602, 12056977484852, vstest.console.dll, RunTestsArgumentProcessor:Execute: Test run is completed.
TpTrace Verbose: 0 : 282203, 9, 2025/12/10, 09:25:40.602, 12056977498071, vstest.console.dll, TestRequestSender: OnTestRunAbort: Operation is already complete. Skip error message.
TpTrace Verbose: 0 : 282203, 9, 2025/12/10, 09:25:40.602, 12056977529460, vstest.console.dll, MulticastDelegateUtilities.SafeInvoke: SocketServer: ClientDisconnected: Invoking callback 1/1 for Microsoft.VisualStudio.TestPlatform.CommunicationUtilities.TestRequestSender., took 0 ms.
TpTrace Verbose: 0 : 282203, 9, 2025/12/10, 09:25:40.602, 12056977537392, vstest.console.dll, TcpClientExtensions.MessageLoopAsync: exiting MessageLoopAsync remoteEndPoint: 127.0.0.1:55882 localEndPoint: 127.0.0.1:46087
TpTrace Verbose: 0 : 282203, 1, 2025/12/10, 09:25:40.602, 12056977634739, vstest.console.dll, Executor.Execute: Exiting with exit code of 1
